[0.150s] [34mcolcon[0m [1;30mDEBUG[0m [32mCommand line arguments: ['/home/bwilab/.local/bin/colcon', 'build'][0m
[0.150s] [34mcolcon[0m [1;30mDEBUG[0m [32mParsed command line arguments: Namespace(log_base=None, log_level=None, verb_name='build', build_base='build', install_base='install', merge_install=False, symlink_install=False, test_result_base=None, continue_on_error=False, executor='parallel', parallel_workers=12, event_handlers=None, ignore_user_meta=False, metas=['./colcon.meta'], base_paths=['.'], packages_ignore=None, packages_ignore_regex=None, paths=None, packages_up_to=None, packages_up_to_regex=None, packages_above=None, packages_above_and_dependencies=None, packages_above_depth=None, packages_select_by_dep=None, packages_skip_by_dep=None, packages_skip_up_to=None, packages_select_build_failed=False, packages_skip_build_finished=False, packages_select_test_failures=False, packages_skip_test_passed=False, packages_select=None, packages_skip=None, packages_select_regex=None, packages_skip_regex=None, packages_start=None, packages_end=None, allow_overriding=[], cmake_args=None, cmake_target=None, cmake_target_skip_unavailable=False, cmake_clean_cache=False, cmake_clean_first=False, cmake_force_configure=False, ament_cmake_args=None, catkin_cmake_args=None, catkin_skip_building_tests=False, mixin_files=None, mixin=None, verb_parser=<colcon_mixin.mixin.mixin_argument.MixinArgumentDecorator object at 0x717cf882aad0>, verb_extension=<colcon_core.verb.build.BuildVerb object at 0x717cf882a1d0>, main=<bound method BuildVerb.main of <colcon_core.verb.build.BuildVerb object at 0x717cf882a1d0>>, mixin_verb=('build',))[0m
[0.187s] [34mcolcon.colcon_core.package_discovery[0m [1;30mLevel 1[0m discover_packages(colcon_meta) check parameters
[0.187s] [34mcolcon.colcon_core.package_discovery[0m [1;30mLevel 1[0m discover_packages(recursive) check parameters
[0.187s] [34mcolcon.colcon_core.package_discovery[0m [1;30mLevel 1[0m discover_packages(ignore) check parameters
[0.187s] [34mcolcon.colcon_core.package_discovery[0m [1;30mLevel 1[0m discover_packages(path) check parameters
[0.187s] [34mcolcon.colcon_core.package_discovery[0m [1;30mLevel 1[0m discover_packages(colcon_meta) discover
[0.187s] [34mcolcon.colcon_core.package_discovery[0m [1;30mLevel 1[0m discover_packages(recursive) discover
[0.187s] [34mcolcon.colcon_core.package_discovery[0m [1;30mINFO[0m Crawling recursively for packages in '/home/bwilab/bwi_ros2/src/fri_autonomous_template/spatial_utils'
[0.187s] [34mcolcon.colcon_core.package_identification[0m [1;30mLevel 1[0m _identify(.) by extensions ['ignore', 'ignore_ament_install']
[0.187s] [34mcolcon.colcon_core.package_identification[0m [1;30mLevel 1[0m _identify(.) by extension 'ignore'
[0.188s] [34mcolcon.colcon_core.package_identification[0m [1;30mLevel 1[0m _identify(.) by extension 'ignore_ament_install'
[0.188s] [34mcolcon.colcon_core.package_identification[0m [1;30mLevel 1[0m _identify(.) by extensions ['colcon_pkg']
[0.188s] [34mcolcon.colcon_core.package_identification[0m [1;30mLevel 1[0m _identify(.) by extension 'colcon_pkg'
[0.188s] [34mcolcon.colcon_core.package_identification[0m [1;30mLevel 1[0m _identify(.) by extensions ['colcon_meta']
[0.188s] [34mcolcon.colcon_core.package_identification[0m [1;30mLevel 1[0m _identify(.) by extension 'colcon_meta'
[0.188s] [34mcolcon.colcon_core.package_identification[0m [1;30mLevel 1[0m _identify(.) by extensions ['ros']
[0.188s] [34mcolcon.colcon_core.package_identification[0m [1;30mLevel 1[0m _identify(.) by extension 'ros'
[0.213s] [34mcolcon.colcon_core.package_identification[0m [1;30mDEBUG[0m [32mPackage '.' with type 'ros.ament_cmake' and name 'spatial_utils'[0m
[0.213s] [34mcolcon.colcon_core.package_discovery[0m [1;30mLevel 1[0m discover_packages(recursive) using defaults
[0.213s] [34mcolcon.colcon_core.package_discovery[0m [1;30mLevel 1[0m discover_packages(ignore) discover
[0.213s] [34mcolcon.colcon_core.package_discovery[0m [1;30mLevel 1[0m discover_packages(ignore) using defaults
[0.213s] [34mcolcon.colcon_core.package_discovery[0m [1;30mLevel 1[0m discover_packages(path) discover
[0.213s] [34mcolcon.colcon_core.package_discovery[0m [1;30mLevel 1[0m discover_packages(path) using defaults
[0.228s] [34mcolcon.colcon_core.package_discovery[0m [1;30mLevel 1[0m discover_packages(prefix_path) check parameters
[0.229s] [34mcolcon.colcon_core.package_discovery[0m [1;30mLevel 1[0m discover_packages(prefix_path) discover
[0.231s] [34mcolcon.colcon_installed_package_information.package_discovery[0m [1;30mDEBUG[0m [32mFound 370 installed packages in /opt/ros/humble[0m
[0.233s] [34mcolcon.colcon_core.package_discovery[0m [1;30mLevel 1[0m discover_packages(prefix_path) using defaults
[0.284s] [34mcolcon.colcon_core.verb[0m [1;30mLevel 5[0m set package 'spatial_utils' build argument 'cmake_args' from command line to 'None'
[0.284s] [34mcolcon.colcon_core.verb[0m [1;30mLevel 5[0m set package 'spatial_utils' build argument 'cmake_target' from command line to 'None'
[0.284s] [34mcolcon.colcon_core.verb[0m [1;30mLevel 5[0m set package 'spatial_utils' build argument 'cmake_target_skip_unavailable' from command line to 'False'
[0.284s] [34mcolcon.colcon_core.verb[0m [1;30mLevel 5[0m set package 'spatial_utils' build argument 'cmake_clean_cache' from command line to 'False'
[0.284s] [34mcolcon.colcon_core.verb[0m [1;30mLevel 5[0m set package 'spatial_utils' build argument 'cmake_clean_first' from command line to 'False'
[0.284s] [34mcolcon.colcon_core.verb[0m [1;30mLevel 5[0m set package 'spatial_utils' build argument 'cmake_force_configure' from command line to 'False'
[0.284s] [34mcolcon.colcon_core.verb[0m [1;30mLevel 5[0m set package 'spatial_utils' build argument 'ament_cmake_args' from command line to 'None'
[0.284s] [34mcolcon.colcon_core.verb[0m [1;30mLevel 5[0m set package 'spatial_utils' build argument 'catkin_cmake_args' from command line to 'None'
[0.284s] [34mcolcon.colcon_core.verb[0m [1;30mLevel 5[0m set package 'spatial_utils' build argument 'catkin_skip_building_tests' from command line to 'False'
[0.284s] [34mcolcon.colcon_core.verb[0m [1;30mDEBUG[0m [32mBuilding package 'spatial_utils' with the following arguments: {'ament_cmake_args': None, 'build_base': '/home/bwilab/bwi_ros2/src/fri_autonomous_template/spatial_utils/build/spatial_utils', 'catkin_cmake_args': None, 'catkin_skip_building_tests': False, 'cmake_args': None, 'cmake_clean_cache': False, 'cmake_clean_first': False, 'cmake_force_configure': False, 'cmake_target': None, 'cmake_target_skip_unavailable': False, 'install_base': '/home/bwilab/bwi_ros2/src/fri_autonomous_template/spatial_utils/install/spatial_utils', 'merge_install': False, 'path': '/home/bwilab/bwi_ros2/src/fri_autonomous_template/spatial_utils', 'symlink_install': False, 'test_result_base': None}[0m
[0.284s] [34mcolcon.colcon_core.executor[0m [1;30mINFO[0m Executing jobs using 'parallel' executor
[0.285s] [34mcolcon.colcon_parallel_executor.executor.parallel[0m [1;30mDEBUG[0m [32mrun_until_complete[0m
[0.285s] [34mcolcon.colcon_ros.task.ament_cmake.build[0m [1;30mINFO[0m Building ROS package in '/home/bwilab/bwi_ros2/src/fri_autonomous_template/spatial_utils' with build type 'ament_cmake'
[0.285s] [34mcolcon.colcon_cmake.task.cmake.build[0m [1;30mINFO[0m Building CMake package in '/home/bwilab/bwi_ros2/src/fri_autonomous_template/spatial_utils'
[0.287s] [34mcolcon.colcon_core.plugin_system[0m [1;30mINFO[0m Skipping extension 'colcon_core.shell.bat': Not used on non-Windows systems
[0.287s] [34mcolcon.colcon_core.shell[0m [1;30mINFO[0m Skip shell extension 'powershell' for command environment: Not usable outside of PowerShell
[0.287s] [34mcolcon.colcon_core.shell[0m [1;30mDEBUG[0m [32mSkip shell extension 'dsv' for command environment[0m
[0.294s] [34mcolcon.colcon_core.event_handler.log_command[0m [1;30mDEBUG[0m [32mInvoking command in '/home/bwilab/bwi_ros2/src/fri_autonomous_template/spatial_utils/build/spatial_utils': CMAKE_PREFIX_PATH=/opt/ros/humble /usr/bin/cmake --build /home/bwilab/bwi_ros2/src/fri_autonomous_template/spatial_utils/build/spatial_utils -- -j12 -l12[0m
[0.354s] [34mcolcon.colcon_core.event_handler.log_command[0m [1;30mDEBUG[0m [32mInvoked command in '/home/bwilab/bwi_ros2/src/fri_autonomous_template/spatial_utils/build/spatial_utils' returned '0': CMAKE_PREFIX_PATH=/opt/ros/humble /usr/bin/cmake --build /home/bwilab/bwi_ros2/src/fri_autonomous_template/spatial_utils/build/spatial_utils -- -j12 -l12[0m
[0.381s] [34mcolcon.colcon_core.event_handler.log_command[0m [1;30mDEBUG[0m [32mInvoking command in '/home/bwilab/bwi_ros2/src/fri_autonomous_template/spatial_utils/build/spatial_utils': CMAKE_PREFIX_PATH=/opt/ros/humble /usr/bin/cmake --install /home/bwilab/bwi_ros2/src/fri_autonomous_template/spatial_utils/build/spatial_utils[0m
[0.388s] [34mcolcon.colcon_core.environment[0m [1;30mLevel 1[0m create_environment_scripts_only(spatial_utils)
[0.389s] [34mcolcon.colcon_core.event_handler.log_command[0m [1;30mDEBUG[0m [32mInvoked command in '/home/bwilab/bwi_ros2/src/fri_autonomous_template/spatial_utils/build/spatial_utils' returned '0': CMAKE_PREFIX_PATH=/opt/ros/humble /usr/bin/cmake --install /home/bwilab/bwi_ros2/src/fri_autonomous_template/spatial_utils/build/spatial_utils[0m
[0.391s] [34mcolcon.colcon_core.environment[0m [1;30mLevel 1[0m checking '/home/bwilab/bwi_ros2/src/fri_autonomous_template/spatial_utils/install/spatial_utils' for CMake module files
[0.391s] [34mcolcon.colcon_core.environment[0m [1;30mLevel 1[0m checking '/home/bwilab/bwi_ros2/src/fri_autonomous_template/spatial_utils/install/spatial_utils' for CMake config files
[0.392s] [34mcolcon.colcon_core.shell[0m [1;30mLevel 1[0m create_environment_hook('spatial_utils', 'cmake_prefix_path')
[0.392s] [34mcolcon.colcon_core.shell[0m [1;30mINFO[0m Creating environment hook '/home/bwilab/bwi_ros2/src/fri_autonomous_template/spatial_utils/install/spatial_utils/share/spatial_utils/hook/cmake_prefix_path.ps1'
[0.392s] [34mcolcon.colcon_core.shell[0m [1;30mINFO[0m Creating environment descriptor '/home/bwilab/bwi_ros2/src/fri_autonomous_template/spatial_utils/install/spatial_utils/share/spatial_utils/hook/cmake_prefix_path.dsv'
[0.393s] [34mcolcon.colcon_core.shell[0m [1;30mINFO[0m Creating environment hook '/home/bwilab/bwi_ros2/src/fri_autonomous_template/spatial_utils/install/spatial_utils/share/spatial_utils/hook/cmake_prefix_path.sh'
[0.393s] [34mcolcon.colcon_core.environment[0m [1;30mLevel 1[0m checking '/home/bwilab/bwi_ros2/src/fri_autonomous_template/spatial_utils/install/spatial_utils/lib'
[0.394s] [34mcolcon.colcon_core.environment[0m [1;30mLevel 1[0m checking '/home/bwilab/bwi_ros2/src/fri_autonomous_template/spatial_utils/install/spatial_utils/bin'
[0.394s] [34mcolcon.colcon_core.environment[0m [1;30mLevel 1[0m checking '/home/bwilab/bwi_ros2/src/fri_autonomous_template/spatial_utils/install/spatial_utils/lib/pkgconfig/spatial_utils.pc'
[0.394s] [34mcolcon.colcon_core.environment[0m [1;30mLevel 1[0m checking '/home/bwilab/bwi_ros2/src/fri_autonomous_template/spatial_utils/install/spatial_utils/lib/python3.10/site-packages'
[0.394s] [34mcolcon.colcon_core.environment[0m [1;30mLevel 1[0m checking '/home/bwilab/bwi_ros2/src/fri_autonomous_template/spatial_utils/install/spatial_utils/bin'
[0.394s] [34mcolcon.colcon_core.shell[0m [1;30mINFO[0m Creating package script '/home/bwilab/bwi_ros2/src/fri_autonomous_template/spatial_utils/install/spatial_utils/share/spatial_utils/package.ps1'
[0.395s] [34mcolcon.colcon_core.shell[0m [1;30mINFO[0m Creating package descriptor '/home/bwilab/bwi_ros2/src/fri_autonomous_template/spatial_utils/install/spatial_utils/share/spatial_utils/package.dsv'
[0.396s] [34mcolcon.colcon_core.shell[0m [1;30mINFO[0m Creating package script '/home/bwilab/bwi_ros2/src/fri_autonomous_template/spatial_utils/install/spatial_utils/share/spatial_utils/package.sh'
[0.396s] [34mcolcon.colcon_core.shell[0m [1;30mINFO[0m Creating package script '/home/bwilab/bwi_ros2/src/fri_autonomous_template/spatial_utils/install/spatial_utils/share/spatial_utils/package.bash'
[0.397s] [34mcolcon.colcon_core.shell[0m [1;30mINFO[0m Creating package script '/home/bwilab/bwi_ros2/src/fri_autonomous_template/spatial_utils/install/spatial_utils/share/spatial_utils/package.zsh'
[0.398s] [34mcolcon.colcon_core.environment[0m [1;30mLevel 1[0m create_file_with_runtime_dependencies(/home/bwilab/bwi_ros2/src/fri_autonomous_template/spatial_utils/install/spatial_utils/share/colcon-core/packages/spatial_utils)
[0.418s] [34mcolcon.colcon_core.environment[0m [1;30mLevel 1[0m create_environment_scripts_only(spatial_utils)
[0.419s] [34mcolcon.colcon_core.environment[0m [1;30mLevel 1[0m checking '/home/bwilab/bwi_ros2/src/fri_autonomous_template/spatial_utils/install/spatial_utils' for CMake module files
[0.419s] [34mcolcon.colcon_core.environment[0m [1;30mLevel 1[0m checking '/home/bwilab/bwi_ros2/src/fri_autonomous_template/spatial_utils/install/spatial_utils' for CMake config files
[0.420s] [34mcolcon.colcon_core.shell[0m [1;30mLevel 1[0m create_environment_hook('spatial_utils', 'cmake_prefix_path')
[0.420s] [34mcolcon.colcon_core.shell[0m [1;30mINFO[0m Creating environment hook '/home/bwilab/bwi_ros2/src/fri_autonomous_template/spatial_utils/install/spatial_utils/share/spatial_utils/hook/cmake_prefix_path.ps1'
[0.420s] [34mcolcon.colcon_core.shell[0m [1;30mINFO[0m Creating environment descriptor '/home/bwilab/bwi_ros2/src/fri_autonomous_template/spatial_utils/install/spatial_utils/share/spatial_utils/hook/cmake_prefix_path.dsv'
[0.420s] [34mcolcon.colcon_core.shell[0m [1;30mINFO[0m Creating environment hook '/home/bwilab/bwi_ros2/src/fri_autonomous_template/spatial_utils/install/spatial_utils/share/spatial_utils/hook/cmake_prefix_path.sh'
[0.421s] [34mcolcon.colcon_core.environment[0m [1;30mLevel 1[0m checking '/home/bwilab/bwi_ros2/src/fri_autonomous_template/spatial_utils/install/spatial_utils/lib'
[0.421s] [34mcolcon.colcon_core.environment[0m [1;30mLevel 1[0m checking '/home/bwilab/bwi_ros2/src/fri_autonomous_template/spatial_utils/install/spatial_utils/bin'
[0.421s] [34mcolcon.colcon_core.environment[0m [1;30mLevel 1[0m checking '/home/bwilab/bwi_ros2/src/fri_autonomous_template/spatial_utils/install/spatial_utils/lib/pkgconfig/spatial_utils.pc'
[0.421s] [34mcolcon.colcon_core.environment[0m [1;30mLevel 1[0m checking '/home/bwilab/bwi_ros2/src/fri_autonomous_template/spatial_utils/install/spatial_utils/lib/python3.10/site-packages'
[0.422s] [34mcolcon.colcon_core.environment[0m [1;30mLevel 1[0m checking '/home/bwilab/bwi_ros2/src/fri_autonomous_template/spatial_utils/install/spatial_utils/bin'
[0.422s] [34mcolcon.colcon_core.shell[0m [1;30mINFO[0m Creating package script '/home/bwilab/bwi_ros2/src/fri_autonomous_template/spatial_utils/install/spatial_utils/share/spatial_utils/package.ps1'
[0.423s] [34mcolcon.colcon_core.shell[0m [1;30mINFO[0m Creating package descriptor '/home/bwilab/bwi_ros2/src/fri_autonomous_template/spatial_utils/install/spatial_utils/share/spatial_utils/package.dsv'
[0.423s] [34mcolcon.colcon_core.shell[0m [1;30mINFO[0m Creating package script '/home/bwilab/bwi_ros2/src/fri_autonomous_template/spatial_utils/install/spatial_utils/share/spatial_utils/package.sh'
[0.424s] [34mcolcon.colcon_core.shell[0m [1;30mINFO[0m Creating package script '/home/bwilab/bwi_ros2/src/fri_autonomous_template/spatial_utils/install/spatial_utils/share/spatial_utils/package.bash'
[0.424s] [34mcolcon.colcon_core.shell[0m [1;30mINFO[0m Creating package script '/home/bwilab/bwi_ros2/src/fri_autonomous_template/spatial_utils/install/spatial_utils/share/spatial_utils/package.zsh'
[0.425s] [34mcolcon.colcon_core.environment[0m [1;30mLevel 1[0m create_file_with_runtime_dependencies(/home/bwilab/bwi_ros2/src/fri_autonomous_template/spatial_utils/install/spatial_utils/share/colcon-core/packages/spatial_utils)
[0.425s] [34mcolcon.colcon_parallel_executor.executor.parallel[0m [1;30mDEBUG[0m [32mclosing loop[0m
[0.425s] [34mcolcon.colcon_parallel_executor.executor.parallel[0m [1;30mDEBUG[0m [32mloop closed[0m
[0.426s] [34mcolcon.colcon_parallel_executor.executor.parallel[0m [1;30mDEBUG[0m [32mrun_until_complete finished with '0'[0m
[0.426s] [34mcolcon.colcon_core.event_reactor[0m [1;30mDEBUG[0m [32mjoining thread[0m
[0.431s] [34mcolcon.colcon_core.plugin_system[0m [1;30mINFO[0m Skipping extension 'colcon_notification.desktop_notification.terminal_notifier': Not used on non-Darwin systems
[0.431s] [34mcolcon.colcon_core.plugin_system[0m [1;30mINFO[0m Skipping extension 'colcon_notification.desktop_notification.win32': Not used on non-Windows systems
[0.431s] [34mcolcon.colcon_notification.desktop_notification[0m [1;30mINFO[0m Sending desktop notification using 'notify2'
[0.440s] [34mcolcon.colcon_core.event_reactor[0m [1;30mDEBUG[0m [32mjoined thread[0m
[0.441s] [34mcolcon.colcon_core.shell[0m [1;30mINFO[0m Creating prefix script '/home/bwilab/bwi_ros2/src/fri_autonomous_template/spatial_utils/install/local_setup.ps1'
[0.442s] [34mcolcon.colcon_core.shell[0m [1;30mINFO[0m Creating prefix util module '/home/bwilab/bwi_ros2/src/fri_autonomous_template/spatial_utils/install/_local_setup_util_ps1.py'
[0.443s] [34mcolcon.colcon_core.shell[0m [1;30mINFO[0m Creating prefix chain script '/home/bwilab/bwi_ros2/src/fri_autonomous_template/spatial_utils/install/setup.ps1'
[0.444s] [34mcolcon.colcon_core.shell[0m [1;30mINFO[0m Creating prefix script '/home/bwilab/bwi_ros2/src/fri_autonomous_template/spatial_utils/install/local_setup.sh'
[0.445s] [34mcolcon.colcon_core.shell[0m [1;30mINFO[0m Creating prefix util module '/home/bwilab/bwi_ros2/src/fri_autonomous_template/spatial_utils/install/_local_setup_util_sh.py'
[0.446s] [34mcolcon.colcon_core.shell[0m [1;30mINFO[0m Creating prefix chain script '/home/bwilab/bwi_ros2/src/fri_autonomous_template/spatial_utils/install/setup.sh'
[0.447s] [34mcolcon.colcon_core.shell[0m [1;30mINFO[0m Creating prefix script '/home/bwilab/bwi_ros2/src/fri_autonomous_template/spatial_utils/install/local_setup.bash'
[0.448s] [34mcolcon.colcon_core.shell[0m [1;30mINFO[0m Creating prefix chain script '/home/bwilab/bwi_ros2/src/fri_autonomous_template/spatial_utils/install/setup.bash'
[0.449s] [34mcolcon.colcon_core.shell[0m [1;30mINFO[0m Creating prefix script '/home/bwilab/bwi_ros2/src/fri_autonomous_template/spatial_utils/install/local_setup.zsh'
[0.450s] [34mcolcon.colcon_core.shell[0m [1;30mINFO[0m Creating prefix chain script '/home/bwilab/bwi_ros2/src/fri_autonomous_template/spatial_utils/install/setup.zsh'
