[0.009s] Invoking command in '/home/bwilab/bwi_ros2/src/fri_autonomous_template/follower_robot/build/follower_robot': CMAKE_PREFIX_PATH=${CMAKE_PREFIX_PATH}:/opt/ros/humble /usr/bin/cmake /home/bwilab/bwi_ros2/src/fri_autonomous_template/follower_robot -DCMAKE_INSTALL_PREFIX=/home/bwilab/bwi_ros2/src/fri_autonomous_template/follower_robot/install/follower_robot
[0.019s] -- Found ament_cmake: 1.3.11 (/opt/ros/humble/share/ament_cmake/cmake)
[0.140s] -- Found apriltag_msgs: 2.0.1 (/opt/ros/humble/share/apriltag_msgs/cmake)
[0.165s] -- Found rosidl_generator_c: 3.1.6 (/opt/ros/humble/share/rosidl_generator_c/cmake)
[0.167s] -- Found rosidl_adapter: 3.1.6 (/opt/ros/humble/share/rosidl_adapter/cmake)
[0.173s] -- Found rosidl_generator_cpp: 3.1.6 (/opt/ros/humble/share/rosidl_generator_cpp/cmake)
[0.182s] -- Using all available rosidl_typesupport_c: rosidl_typesupport_fastrtps_c;rosidl_typesupport_introspection_c
[0.193s] -- Using all available rosidl_typesupport_cpp: rosidl_typesupport_fastrtps_cpp;rosidl_typesupport_introspection_cpp
[0.227s] -- Found cv_bridge: 3.2.1 (/opt/ros/humble/share/cv_bridge/cmake)
[0.265s] -- Found nav2_msgs: 1.1.18 (/opt/ros/humble/share/nav2_msgs/cmake)
[0.325s] -- Found rclcpp: 16.0.12 (/opt/ros/humble/share/rclcpp/cmake)
[0.352s] -- Found rmw_implementation_cmake: 6.1.2 (/opt/ros/humble/share/rmw_implementation_cmake/cmake)
[0.353s] -- Found rmw_fastrtps_cpp: 6.2.7 (/opt/ros/humble/share/rmw_fastrtps_cpp/cmake)
[0.443s] -- Using RMW implementation 'rmw_fastrtps_cpp' as default
[0.483s] -- Found spatial_utils: 0.0.0 (/home/bwilab/bwi_ros2/install/spatial_utils/share/spatial_utils/cmake)
[0.485s] -- Found tf2_ros: 0.25.12 (/opt/ros/humble/share/tf2_ros/cmake)
[0.561s] -- Found OpenCV: /usr (found version "4.5.4") 
[0.566s] -- Found ament_lint_auto: 0.12.12 (/opt/ros/humble/share/ament_lint_auto/cmake)
[0.662s] -- Added test 'cppcheck' to perform static code analysis on C / C++ code
[0.662s] -- Configured cppcheck include dirs: /home/bwilab/bwi_ros2/src/fri_autonomous_template/follower_robot/include
[0.662s] -- Configured cppcheck exclude dirs and/or files: 
[0.663s] -- Added test 'flake8' to check Python code syntax and style conventions
[0.665s] -- Added test 'lint_cmake' to check CMake code style
[0.665s] -- Added test 'pep257' to check Python code against some of the docstring style conventions in PEP 257
[0.670s] -- Added test 'uncrustify' to check C / C++ code style
[0.670s] -- Configured uncrustify additional arguments: 
[0.671s] -- Added test 'xmllint' to check XML markup files
[0.672s] -- Configuring done
[0.687s] -- Generating done
[0.689s] -- Build files have been written to: /home/bwilab/bwi_ros2/src/fri_autonomous_template/follower_robot/build/follower_robot
[0.696s] Invoked command in '/home/bwilab/bwi_ros2/src/fri_autonomous_template/follower_robot/build/follower_robot' returned '0': CMAKE_PREFIX_PATH=${CMAKE_PREFIX_PATH}:/opt/ros/humble /usr/bin/cmake /home/bwilab/bwi_ros2/src/fri_autonomous_template/follower_robot -DCMAKE_INSTALL_PREFIX=/home/bwilab/bwi_ros2/src/fri_autonomous_template/follower_robot/install/follower_robot
[0.698s] Invoking command in '/home/bwilab/bwi_ros2/src/fri_autonomous_template/follower_robot/build/follower_robot': CMAKE_PREFIX_PATH=${CMAKE_PREFIX_PATH}:/opt/ros/humble /usr/bin/cmake --build /home/bwilab/bwi_ros2/src/fri_autonomous_template/follower_robot/build/follower_robot -- -j12 -l12
[0.741s] [ 75%] [32mBuilding CXX object CMakeFiles/follower_robot.dir/src/follower_robot.cpp.o[0m
[0.741s] [ 75%] [32mBuilding CXX object CMakeFiles/follower_robot.dir/src/FollowerRobotNode.cpp.o[0m
[0.741s] [ 75%] [32mBuilding CXX object CMakeFiles/follower_robot.dir/src/MoveToTarget.cpp.o[0m
[2.970s] [01m[K/home/bwilab/bwi_ros2/src/fri_autonomous_template/follower_robot/src/MoveToTarget.cpp:[m[K In member function ‘[01m[Kvoid MoveToTarget::result_callback(const rclcpp_action::ClientGoalHandle<nav2_msgs::action::NavigateToPose>::WrappedResult&)[m[K’:
[2.970s] [01m[K/home/bwilab/bwi_ros2/src/fri_autonomous_template/follower_robot/src/MoveToTarget.cpp:40:94:[m[K [01;35m[Kwarning: [m[Kunused parameter ‘[01m[Kresult[m[K’ [[01;35m[K]8;;https://gcc.gnu.org/onlinedocs/gcc/Warning-Options.html#index-Wunused-parameter-Wunused-parameter]8;;[m[K]
[2.970s]    40 |     [01;35m[Kconst rclcpp_action::ClientGoalHandle<nav2_msgs::action::NavigateToPose>::WrappedResult &result[m[K) {
[2.970s]       |     [01;35m[K~~~~~~~~~~~~~~~~~~~~~~~~~~~~~~~~~~~~~~~~~~~~~~~~~~~~~~~~~~~~~~~~~~~~~~~~~~~~~~~~~~~~~~~~~^~~~~~[m[K
[11.723s] [100%] [32m[1mLinking CXX executable follower_robot[0m
[12.394s] [100%] Built target follower_robot
[12.403s] Invoked command in '/home/bwilab/bwi_ros2/src/fri_autonomous_template/follower_robot/build/follower_robot' returned '0': CMAKE_PREFIX_PATH=${CMAKE_PREFIX_PATH}:/opt/ros/humble /usr/bin/cmake --build /home/bwilab/bwi_ros2/src/fri_autonomous_template/follower_robot/build/follower_robot -- -j12 -l12
[12.434s] Invoking command in '/home/bwilab/bwi_ros2/src/fri_autonomous_template/follower_robot/build/follower_robot': CMAKE_PREFIX_PATH=${CMAKE_PREFIX_PATH}:/opt/ros/humble /usr/bin/cmake --install /home/bwilab/bwi_ros2/src/fri_autonomous_template/follower_robot/build/follower_robot
[12.440s] -- Install configuration: ""
[12.440s] -- Installing: /home/bwilab/bwi_ros2/src/fri_autonomous_template/follower_robot/install/follower_robot/lib/follower_robot/follower_robot
[12.443s] -- Set runtime path of "/home/bwilab/bwi_ros2/src/fri_autonomous_template/follower_robot/install/follower_robot/lib/follower_robot/follower_robot" to ""
[12.443s] -- Installing: /home/bwilab/bwi_ros2/src/fri_autonomous_template/follower_robot/install/follower_robot/share/ament_index/resource_index/package_run_dependencies/follower_robot
[12.443s] -- Installing: /home/bwilab/bwi_ros2/src/fri_autonomous_template/follower_robot/install/follower_robot/share/ament_index/resource_index/parent_prefix_path/follower_robot
[12.443s] -- Installing: /home/bwilab/bwi_ros2/src/fri_autonomous_template/follower_robot/install/follower_robot/share/follower_robot/environment/ament_prefix_path.sh
[12.443s] -- Installing: /home/bwilab/bwi_ros2/src/fri_autonomous_template/follower_robot/install/follower_robot/share/follower_robot/environment/ament_prefix_path.dsv
[12.443s] -- Installing: /home/bwilab/bwi_ros2/src/fri_autonomous_template/follower_robot/install/follower_robot/share/follower_robot/environment/path.sh
[12.444s] -- Installing: /home/bwilab/bwi_ros2/src/fri_autonomous_template/follower_robot/install/follower_robot/share/follower_robot/environment/path.dsv
[12.444s] -- Installing: /home/bwilab/bwi_ros2/src/fri_autonomous_template/follower_robot/install/follower_robot/share/follower_robot/local_setup.bash
[12.444s] -- Installing: /home/bwilab/bwi_ros2/src/fri_autonomous_template/follower_robot/install/follower_robot/share/follower_robot/local_setup.sh
[12.444s] -- Installing: /home/bwilab/bwi_ros2/src/fri_autonomous_template/follower_robot/install/follower_robot/share/follower_robot/local_setup.zsh
[12.444s] -- Installing: /home/bwilab/bwi_ros2/src/fri_autonomous_template/follower_robot/install/follower_robot/share/follower_robot/local_setup.dsv
[12.444s] -- Installing: /home/bwilab/bwi_ros2/src/fri_autonomous_template/follower_robot/install/follower_robot/share/follower_robot/package.dsv
[12.444s] -- Installing: /home/bwilab/bwi_ros2/src/fri_autonomous_template/follower_robot/install/follower_robot/share/ament_index/resource_index/packages/follower_robot
[12.444s] -- Installing: /home/bwilab/bwi_ros2/src/fri_autonomous_template/follower_robot/install/follower_robot/share/follower_robot/cmake/follower_robotConfig.cmake
[12.444s] -- Installing: /home/bwilab/bwi_ros2/src/fri_autonomous_template/follower_robot/install/follower_robot/share/follower_robot/cmake/follower_robotConfig-version.cmake
[12.444s] -- Installing: /home/bwilab/bwi_ros2/src/fri_autonomous_template/follower_robot/install/follower_robot/share/follower_robot/package.xml
[12.446s] Invoked command in '/home/bwilab/bwi_ros2/src/fri_autonomous_template/follower_robot/build/follower_robot' returned '0': CMAKE_PREFIX_PATH=${CMAKE_PREFIX_PATH}:/opt/ros/humble /usr/bin/cmake --install /home/bwilab/bwi_ros2/src/fri_autonomous_template/follower_robot/build/follower_robot
