[0.014s] Invoking command in '/home/bwilab/bwi_ros2/src/fri_autonomous_template/build/spatial_utils': CMAKE_PREFIX_PATH=/opt/ros/humble /usr/bin/cmake /home/bwilab/bwi_ros2/src/fri_autonomous_template/spatial_utils -DCMAKE_INSTALL_PREFIX=/home/bwilab/bwi_ros2/src/fri_autonomous_template/install/spatial_utils
[0.065s] -- The C compiler identification is GNU 11.4.0
[0.117s] -- The CXX compiler identification is GNU 11.4.0
[0.124s] -- Detecting C compiler ABI info
[0.184s] -- Detecting C compiler ABI info - done
[0.196s] -- Check for working C compiler: /usr/bin/cc - skipped
[0.197s] -- Detecting C compile features
[0.197s] -- Detecting C compile features - done
[0.202s] -- Detecting CXX compiler ABI info
[0.278s] -- Detecting CXX compiler ABI info - done
[0.287s] -- Check for working CXX compiler: /usr/bin/c++ - skipped
[0.287s] -- Detecting CXX compile features
[0.287s] -- Detecting CXX compile features - done
[0.289s] -- Found ament_cmake: 1.3.11 (/opt/ros/humble/share/ament_cmake/cmake)
[0.681s] -- Found Python3: /usr/bin/python3 (found version "3.10.12") found components: Interpreter 
[0.769s] -- Found rclcpp: 16.0.12 (/opt/ros/humble/share/rclcpp/cmake)
[0.813s] -- Found rosidl_generator_c: 3.1.6 (/opt/ros/humble/share/rosidl_generator_c/cmake)
[0.818s] -- Found rosidl_adapter: 3.1.6 (/opt/ros/humble/share/rosidl_adapter/cmake)
[0.825s] -- Found rosidl_generator_cpp: 3.1.6 (/opt/ros/humble/share/rosidl_generator_cpp/cmake)
[0.838s] -- Using all available rosidl_typesupport_c: rosidl_typesupport_fastrtps_c;rosidl_typesupport_introspection_c
[0.854s] -- Using all available rosidl_typesupport_cpp: rosidl_typesupport_fastrtps_cpp;rosidl_typesupport_introspection_cpp
[0.897s] -- Found rmw_implementation_cmake: 6.1.2 (/opt/ros/humble/share/rmw_implementation_cmake/cmake)
[0.899s] -- Found rmw_fastrtps_cpp: 6.2.7 (/opt/ros/humble/share/rmw_fastrtps_cpp/cmake)
[0.975s] -- Found OpenSSL: /usr/lib/x86_64-linux-gnu/libcrypto.so (found version "3.0.2")  
[1.000s] -- Found FastRTPS: /opt/ros/humble/include  
[1.038s] -- Using RMW implementation 'rmw_fastrtps_cpp' as default
[1.047s] -- Looking for pthread.h
[1.104s] -- Looking for pthread.h - found
[1.105s] -- Performing Test CMAKE_HAVE_LIBC_PTHREAD
[1.171s] -- Performing Test CMAKE_HAVE_LIBC_PTHREAD - Success
[1.172s] -- Found Threads: TRUE  
[1.225s] -- Found tf2_ros: 0.25.12 (/opt/ros/humble/share/tf2_ros/cmake)
[1.372s] -- Found ament_lint_auto: 0.12.12 (/opt/ros/humble/share/ament_lint_auto/cmake)
[1.473s] -- Added test 'cppcheck' to perform static code analysis on C / C++ code
[1.474s] -- Configured cppcheck include dirs: /home/bwilab/bwi_ros2/src/fri_autonomous_template/spatial_utils/include;$<BUILD_INTERFACE:/home/bwilab/bwi_ros2/src/fri_autonomous_template/spatial_utils/include>
[1.474s] -- Configured cppcheck exclude dirs and/or files: 
[1.474s] -- Added test 'lint_cmake' to check CMake code style
[1.475s] -- Added test 'uncrustify' to check C / C++ code style
[1.475s] -- Configured uncrustify additional arguments: 
[1.476s] -- Added test 'xmllint' to check XML markup files
[1.478s] -- Configuring done
[1.486s] -- Generating done
[1.488s] -- Build files have been written to: /home/bwilab/bwi_ros2/src/fri_autonomous_template/build/spatial_utils
