[0.013s] Invoking command in '/home/bwilab/bwi_ros2/src/fri_autonomous_template/build/nav_goals': CMAKE_PREFIX_PATH=/opt/ros/humble /usr/bin/cmake /home/bwilab/bwi_ros2/src/fri_autonomous_template/nav_goals -DCMAKE_INSTALL_PREFIX=/home/bwilab/bwi_ros2/src/fri_autonomous_template/install/nav_goals
[0.061s] -- The C compiler identification is GNU 11.4.0
[0.113s] -- The CXX compiler identification is GNU 11.4.0
[0.121s] -- Detecting C compiler ABI info
[0.178s] -- Detecting C compiler ABI info - done
[0.186s] -- Check for working C compiler: /usr/bin/cc - skipped
[0.186s] -- Detecting C compile features
[0.187s] -- Detecting C compile features - done
[0.189s] -- Detecting CXX compiler ABI info
[0.262s] -- Detecting CXX compiler ABI info - done
[0.275s] -- Check for working CXX compiler: /usr/bin/c++ - skipped
[0.275s] -- Detecting CXX compile features
[0.276s] -- Detecting CXX compile features - done
[0.279s] -- Found ament_cmake: 1.3.11 (/opt/ros/humble/share/ament_cmake/cmake)
[0.664s] -- Found Python3: /usr/bin/python3 (found version "3.10.12") found components: Interpreter 
[0.761s] -- Found rclcpp: 16.0.12 (/opt/ros/humble/share/rclcpp/cmake)
[0.800s] -- Found rosidl_generator_c: 3.1.6 (/opt/ros/humble/share/rosidl_generator_c/cmake)
[0.805s] -- Found rosidl_adapter: 3.1.6 (/opt/ros/humble/share/rosidl_adapter/cmake)
[0.813s] -- Found rosidl_generator_cpp: 3.1.6 (/opt/ros/humble/share/rosidl_generator_cpp/cmake)
[0.825s] -- Using all available rosidl_typesupport_c: rosidl_typesupport_fastrtps_c;rosidl_typesupport_introspection_c
[0.842s] -- Using all available rosidl_typesupport_cpp: rosidl_typesupport_fastrtps_cpp;rosidl_typesupport_introspection_cpp
[0.885s] -- Found rmw_implementation_cmake: 6.1.2 (/opt/ros/humble/share/rmw_implementation_cmake/cmake)
[0.887s] -- Found rmw_fastrtps_cpp: 6.2.7 (/opt/ros/humble/share/rmw_fastrtps_cpp/cmake)
[0.963s] -- Found OpenSSL: /usr/lib/x86_64-linux-gnu/libcrypto.so (found version "3.0.2")  
[0.990s] -- Found FastRTPS: /opt/ros/humble/include  
[1.028s] -- Using RMW implementation 'rmw_fastrtps_cpp' as default
[1.037s] -- Looking for pthread.h
[1.097s] -- Looking for pthread.h - found
[1.097s] -- Performing Test CMAKE_HAVE_LIBC_PTHREAD
[1.163s] -- Performing Test CMAKE_HAVE_LIBC_PTHREAD - Success
[1.164s] -- Found Threads: TRUE  
[1.216s] -- Found rclcpp_action: 16.0.12 (/opt/ros/humble/share/rclcpp_action/cmake)
[1.270s] -- Found nav2_msgs: 1.1.18 (/opt/ros/humble/share/nav2_msgs/cmake)
[1.335s] -- Found tf2: 0.25.12 (/opt/ros/humble/share/tf2/cmake)
[1.345s] -- Found tf2_ros: 0.25.12 (/opt/ros/humble/share/tf2_ros/cmake)
[1.400s] -- Found tf2_geometry_msgs: 0.25.12 (/opt/ros/humble/share/tf2_geometry_msgs/cmake)
[1.415s] -- Found eigen3_cmake_module: 0.1.1 (/opt/ros/humble/share/eigen3_cmake_module/cmake)
[1.417s] -- Found Eigen3: TRUE (found version "3.4.0") 
[1.417s] -- Ensuring Eigen3 include directory is part of orocos-kdl CMake target
[1.507s] -- Configuring done
[1.519s] -- Generating done
[1.520s] -- Build files have been written to: /home/bwilab/bwi_ros2/src/fri_autonomous_template/build/nav_goals
