-- Found ament_cmake: 1.3.11 (/opt/ros/humble/share/ament_cmake/cmake)
-- Found apriltag_msgs: 2.0.1 (/opt/ros/humble/share/apriltag_msgs/cmake)
-- Found rosidl_generator_c: 3.1.6 (/opt/ros/humble/share/rosidl_generator_c/cmake)
-- Found rosidl_adapter: 3.1.6 (/opt/ros/humble/share/rosidl_adapter/cmake)
-- Found rosidl_generator_cpp: 3.1.6 (/opt/ros/humble/share/rosidl_generator_cpp/cmake)
-- Using all available rosidl_typesupport_c: rosidl_typesupport_fastrtps_c;rosidl_typesupport_introspection_c
-- Using all available rosidl_typesupport_cpp: rosidl_typesupport_fastrtps_cpp;rosidl_typesupport_introspection_cpp
-- Found cv_bridge: 3.2.1 (/opt/ros/humble/share/cv_bridge/cmake)
-- Found nav2_msgs: 1.1.18 (/opt/ros/humble/share/nav2_msgs/cmake)
-- Found rclcpp: 16.0.12 (/opt/ros/humble/share/rclcpp/cmake)
-- Found rmw_implementation_cmake: 6.1.2 (/opt/ros/humble/share/rmw_implementation_cmake/cmake)
-- Found rmw_fastrtps_cpp: 6.2.7 (/opt/ros/humble/share/rmw_fastrtps_cpp/cmake)
-- Using RMW implementation 'rmw_fastrtps_cpp' as default
-- Found spatial_utils: 0.0.0 (/home/bwilab/bwi_ros2/install/spatial_utils/share/spatial_utils/cmake)
-- Found tf2_ros: 0.25.12 (/opt/ros/humble/share/tf2_ros/cmake)
-- Found OpenCV: /usr (found version "4.5.4") 
-- Found ament_lint_auto: 0.12.12 (/opt/ros/humble/share/ament_lint_auto/cmake)
-- Added test 'cppcheck' to perform static code analysis on C / C++ code
-- Configured cppcheck include dirs: /home/bwilab/bwi_ros2/src/fri_autonomous_template/follower_robot/include
-- Configured cppcheck exclude dirs and/or files: 
-- Added test 'flake8' to check Python code syntax and style conventions
-- Added test 'lint_cmake' to check CMake code style
-- Added test 'pep257' to check Python code against some of the docstring style conventions in PEP 257
-- Added test 'uncrustify' to check C / C++ code style
-- Configured uncrustify additional arguments: 
-- Added test 'xmllint' to check XML markup files
-- Configuring done
-- Generating done
-- Build files have been written to: /home/bwilab/bwi_ros2/src/fri_autonomous_template/build/follower_robot
[ 75%] [32mBuilding CXX object CMakeFiles/follower_robot.dir/src/MoveToTarget.cpp.o[0m
[ 75%] [32mBuilding CXX object CMakeFiles/follower_robot.dir/src/FollowerRobotNode.cpp.o[0m
[ 75%] [32mBuilding CXX object CMakeFiles/follower_robot.dir/src/follower_robot.cpp.o[0m
[100%] [32m[1mLinking CXX executable follower_robot[0m
[100%] Built target follower_robot
-- Install configuration: ""
-- Installing: /home/bwilab/bwi_ros2/src/fri_autonomous_template/install/follower_robot/lib/follower_robot/follower_robot
-- Set runtime path of "/home/bwilab/bwi_ros2/src/fri_autonomous_template/install/follower_robot/lib/follower_robot/follower_robot" to ""
-- Installing: /home/bwilab/bwi_ros2/src/fri_autonomous_template/install/follower_robot/share/ament_index/resource_index/package_run_dependencies/follower_robot
-- Installing: /home/bwilab/bwi_ros2/src/fri_autonomous_template/install/follower_robot/share/ament_index/resource_index/parent_prefix_path/follower_robot
-- Installing: /home/bwilab/bwi_ros2/src/fri_autonomous_template/install/follower_robot/share/follower_robot/environment/ament_prefix_path.sh
-- Installing: /home/bwilab/bwi_ros2/src/fri_autonomous_template/install/follower_robot/share/follower_robot/environment/ament_prefix_path.dsv
-- Installing: /home/bwilab/bwi_ros2/src/fri_autonomous_template/install/follower_robot/share/follower_robot/environment/path.sh
-- Installing: /home/bwilab/bwi_ros2/src/fri_autonomous_template/install/follower_robot/share/follower_robot/environment/path.dsv
-- Installing: /home/bwilab/bwi_ros2/src/fri_autonomous_template/install/follower_robot/share/follower_robot/local_setup.bash
-- Installing: /home/bwilab/bwi_ros2/src/fri_autonomous_template/install/follower_robot/share/follower_robot/local_setup.sh
-- Installing: /home/bwilab/bwi_ros2/src/fri_autonomous_template/install/follower_robot/share/follower_robot/local_setup.zsh
-- Installing: /home/bwilab/bwi_ros2/src/fri_autonomous_template/install/follower_robot/share/follower_robot/local_setup.dsv
-- Installing: /home/bwilab/bwi_ros2/src/fri_autonomous_template/install/follower_robot/share/follower_robot/package.dsv
-- Installing: /home/bwilab/bwi_ros2/src/fri_autonomous_template/install/follower_robot/share/ament_index/resource_index/packages/follower_robot
-- Installing: /home/bwilab/bwi_ros2/src/fri_autonomous_template/install/follower_robot/share/follower_robot/cmake/follower_robotConfig.cmake
-- Installing: /home/bwilab/bwi_ros2/src/fri_autonomous_template/install/follower_robot/share/follower_robot/cmake/follower_robotConfig-version.cmake
-- Installing: /home/bwilab/bwi_ros2/src/fri_autonomous_template/install/follower_robot/share/follower_robot/package.xml
