[0.012s] Invoking command in '/home/bwilab/bwi_ros2/src/fri_autonomous_template/build/follower_robot': CMAKE_PREFIX_PATH=${CMAKE_PREFIX_PATH}:/opt/ros/humble /usr/bin/cmake /home/bwilab/bwi_ros2/src/fri_autonomous_template/follower_robot -DCMAKE_INSTALL_PREFIX=/home/bwilab/bwi_ros2/src/fri_autonomous_template/install/follower_robot
[0.021s] -- Found ament_cmake: 1.3.11 (/opt/ros/humble/share/ament_cmake/cmake)
[0.124s] -- Found apriltag_msgs: 2.0.1 (/opt/ros/humble/share/apriltag_msgs/cmake)
[0.146s] -- Found rosidl_generator_c: 3.1.6 (/opt/ros/humble/share/rosidl_generator_c/cmake)
[0.148s] -- Found rosidl_adapter: 3.1.6 (/opt/ros/humble/share/rosidl_adapter/cmake)
[0.153s] -- Found rosidl_generator_cpp: 3.1.6 (/opt/ros/humble/share/rosidl_generator_cpp/cmake)
[0.161s] -- Using all available rosidl_typesupport_c: rosidl_typesupport_fastrtps_c;rosidl_typesupport_introspection_c
[0.171s] -- Using all available rosidl_typesupport_cpp: rosidl_typesupport_fastrtps_cpp;rosidl_typesupport_introspection_cpp
[0.201s] -- Found cv_bridge: 3.2.1 (/opt/ros/humble/share/cv_bridge/cmake)
[0.253s] -- Found nav2_msgs: 1.1.18 (/opt/ros/humble/share/nav2_msgs/cmake)
[0.308s] -- Found rclcpp: 16.0.12 (/opt/ros/humble/share/rclcpp/cmake)
[0.333s] -- Found rmw_implementation_cmake: 6.1.2 (/opt/ros/humble/share/rmw_implementation_cmake/cmake)
[0.334s] -- Found rmw_fastrtps_cpp: 6.2.7 (/opt/ros/humble/share/rmw_fastrtps_cpp/cmake)
[0.411s] -- Using RMW implementation 'rmw_fastrtps_cpp' as default
[0.448s] -- Found spatial_utils: 0.0.0 (/home/bwilab/bwi_ros2/install/spatial_utils/share/spatial_utils/cmake)
[0.450s] -- Found tf2_ros: 0.25.12 (/opt/ros/humble/share/tf2_ros/cmake)
[0.520s] -- Found OpenCV: /usr (found version "4.5.4") 
[0.525s] -- Found ament_lint_auto: 0.12.12 (/opt/ros/humble/share/ament_lint_auto/cmake)
[0.607s] -- Added test 'cppcheck' to perform static code analysis on C / C++ code
[0.607s] -- Configured cppcheck include dirs: /home/bwilab/bwi_ros2/src/fri_autonomous_template/follower_robot/include
[0.607s] -- Configured cppcheck exclude dirs and/or files: 
[0.608s] -- Added test 'flake8' to check Python code syntax and style conventions
[0.610s] -- Added test 'lint_cmake' to check CMake code style
[0.611s] -- Added test 'pep257' to check Python code against some of the docstring style conventions in PEP 257
[0.617s] -- Added test 'uncrustify' to check C / C++ code style
[0.617s] -- Configured uncrustify additional arguments: 
[0.618s] -- Added test 'xmllint' to check XML markup files
[0.619s] -- Configuring done
[0.632s] -- Generating done
[0.634s] -- Build files have been written to: /home/bwilab/bwi_ros2/src/fri_autonomous_template/build/follower_robot
[0.644s] Invoked command in '/home/bwilab/bwi_ros2/src/fri_autonomous_template/build/follower_robot' returned '0': CMAKE_PREFIX_PATH=${CMAKE_PREFIX_PATH}:/opt/ros/humble /usr/bin/cmake /home/bwilab/bwi_ros2/src/fri_autonomous_template/follower_robot -DCMAKE_INSTALL_PREFIX=/home/bwilab/bwi_ros2/src/fri_autonomous_template/install/follower_robot
[0.645s] Invoking command in '/home/bwilab/bwi_ros2/src/fri_autonomous_template/build/follower_robot': CMAKE_PREFIX_PATH=${CMAKE_PREFIX_PATH}:/opt/ros/humble /usr/bin/cmake --build /home/bwilab/bwi_ros2/src/fri_autonomous_template/build/follower_robot -- -j12 -l12
[0.682s] [ 75%] [32mBuilding CXX object CMakeFiles/follower_robot.dir/src/MoveToTarget.cpp.o[0m
[0.682s] [ 75%] [32mBuilding CXX object CMakeFiles/follower_robot.dir/src/FollowerRobotNode.cpp.o[0m
[0.682s] [ 75%] [32mBuilding CXX object CMakeFiles/follower_robot.dir/src/follower_robot.cpp.o[0m
[2.538s] [01m[K/home/bwilab/bwi_ros2/src/fri_autonomous_template/follower_robot/src/MoveToTarget.cpp:[m[K In member function ‘[01m[Kvoid MoveToTarget::result_callback(const rclcpp_action::ClientGoalHandle<nav2_msgs::action::NavigateToPose>::WrappedResult&)[m[K’:
[2.538s] [01m[K/home/bwilab/bwi_ros2/src/fri_autonomous_template/follower_robot/src/MoveToTarget.cpp:40:94:[m[K [01;35m[Kwarning: [m[Kunused parameter ‘[01m[Kresult[m[K’ [[01;35m[K]8;;https://gcc.gnu.org/onlinedocs/gcc/Warning-Options.html#index-Wunused-parameter-Wunused-parameter]8;;[m[K]
[2.538s]    40 |     [01;35m[Kconst rclcpp_action::ClientGoalHandle<nav2_msgs::action::NavigateToPose>::WrappedResult &result[m[K) {
[2.538s]       |     [01;35m[K~~~~~~~~~~~~~~~~~~~~~~~~~~~~~~~~~~~~~~~~~~~~~~~~~~~~~~~~~~~~~~~~~~~~~~~~~~~~~~~~~~~~~~~~~^~~~~~[m[K
[10.011s] [100%] [32m[1mLinking CXX executable follower_robot[0m
[10.502s] [100%] Built target follower_robot
[10.509s] Invoked command in '/home/bwilab/bwi_ros2/src/fri_autonomous_template/build/follower_robot' returned '0': CMAKE_PREFIX_PATH=${CMAKE_PREFIX_PATH}:/opt/ros/humble /usr/bin/cmake --build /home/bwilab/bwi_ros2/src/fri_autonomous_template/build/follower_robot -- -j12 -l12
[10.529s] Invoking command in '/home/bwilab/bwi_ros2/src/fri_autonomous_template/build/follower_robot': CMAKE_PREFIX_PATH=${CMAKE_PREFIX_PATH}:/opt/ros/humble /usr/bin/cmake --install /home/bwilab/bwi_ros2/src/fri_autonomous_template/build/follower_robot
[10.534s] -- Install configuration: ""
[10.534s] -- Installing: /home/bwilab/bwi_ros2/src/fri_autonomous_template/install/follower_robot/lib/follower_robot/follower_robot
[10.536s] -- Set runtime path of "/home/bwilab/bwi_ros2/src/fri_autonomous_template/install/follower_robot/lib/follower_robot/follower_robot" to ""
[10.536s] -- Installing: /home/bwilab/bwi_ros2/src/fri_autonomous_template/install/follower_robot/share/ament_index/resource_index/package_run_dependencies/follower_robot
[10.536s] -- Installing: /home/bwilab/bwi_ros2/src/fri_autonomous_template/install/follower_robot/share/ament_index/resource_index/parent_prefix_path/follower_robot
[10.537s] -- Installing: /home/bwilab/bwi_ros2/src/fri_autonomous_template/install/follower_robot/share/follower_robot/environment/ament_prefix_path.sh
[10.537s] -- Installing: /home/bwilab/bwi_ros2/src/fri_autonomous_template/install/follower_robot/share/follower_robot/environment/ament_prefix_path.dsv
[10.537s] -- Installing: /home/bwilab/bwi_ros2/src/fri_autonomous_template/install/follower_robot/share/follower_robot/environment/path.sh
[10.537s] -- Installing: /home/bwilab/bwi_ros2/src/fri_autonomous_template/install/follower_robot/share/follower_robot/environment/path.dsv
[10.537s] -- Installing: /home/bwilab/bwi_ros2/src/fri_autonomous_template/install/follower_robot/share/follower_robot/local_setup.bash
[10.537s] -- Installing: /home/bwilab/bwi_ros2/src/fri_autonomous_template/install/follower_robot/share/follower_robot/local_setup.sh
[10.537s] -- Installing: /home/bwilab/bwi_ros2/src/fri_autonomous_template/install/follower_robot/share/follower_robot/local_setup.zsh
[10.537s] -- Installing: /home/bwilab/bwi_ros2/src/fri_autonomous_template/install/follower_robot/share/follower_robot/local_setup.dsv
[10.537s] -- Installing: /home/bwilab/bwi_ros2/src/fri_autonomous_template/install/follower_robot/share/follower_robot/package.dsv
[10.537s] -- Installing: /home/bwilab/bwi_ros2/src/fri_autonomous_template/install/follower_robot/share/ament_index/resource_index/packages/follower_robot
[10.537s] -- Installing: /home/bwilab/bwi_ros2/src/fri_autonomous_template/install/follower_robot/share/follower_robot/cmake/follower_robotConfig.cmake
[10.538s] -- Installing: /home/bwilab/bwi_ros2/src/fri_autonomous_template/install/follower_robot/share/follower_robot/cmake/follower_robotConfig-version.cmake
[10.538s] -- Installing: /home/bwilab/bwi_ros2/src/fri_autonomous_template/install/follower_robot/share/follower_robot/package.xml
[10.539s] Invoked command in '/home/bwilab/bwi_ros2/src/fri_autonomous_template/build/follower_robot' returned '0': CMAKE_PREFIX_PATH=${CMAKE_PREFIX_PATH}:/opt/ros/humble /usr/bin/cmake --install /home/bwilab/bwi_ros2/src/fri_autonomous_template/build/follower_robot
