[0.013s] Invoking command in '/home/bwilab/bwi_ros2/src/fri_autonomous_template/build/follower_robot': CMAKE_PREFIX_PATH=/opt/ros/humble /usr/bin/cmake /home/bwilab/bwi_ros2/src/fri_autonomous_template/follower_robot -DCMAKE_INSTALL_PREFIX=/home/bwilab/bwi_ros2/src/fri_autonomous_template/install/follower_robot
[0.065s] -- The C compiler identification is GNU 11.4.0
[0.118s] -- The CXX compiler identification is GNU 11.4.0
[0.125s] -- Detecting C compiler ABI info
[0.182s] -- Detecting C compiler ABI info - done
[0.196s] -- Check for working C compiler: /usr/bin/cc - skipped
[0.196s] -- Detecting C compile features
[0.197s] -- Detecting C compile features - done
[0.201s] -- Detecting CXX compiler ABI info
[0.274s] -- Detecting CXX compiler ABI info - done
[0.281s] -- Check for working CXX compiler: /usr/bin/c++ - skipped
[0.282s] -- Detecting CXX compile features
[0.282s] -- Detecting CXX compile features - done
[0.284s] -- Found ament_cmake: 1.3.11 (/opt/ros/humble/share/ament_cmake/cmake)
[0.666s] -- Found Python3: /usr/bin/python3 (found version "3.10.12") found components: Interpreter 
[0.765s] -- Found apriltag_msgs: 2.0.1 (/opt/ros/humble/share/apriltag_msgs/cmake)
[0.803s] -- Found rosidl_generator_c: 3.1.6 (/opt/ros/humble/share/rosidl_generator_c/cmake)
[0.808s] -- Found rosidl_adapter: 3.1.6 (/opt/ros/humble/share/rosidl_adapter/cmake)
[0.816s] -- Found rosidl_generator_cpp: 3.1.6 (/opt/ros/humble/share/rosidl_generator_cpp/cmake)
[0.829s] -- Using all available rosidl_typesupport_c: rosidl_typesupport_fastrtps_c;rosidl_typesupport_introspection_c
[0.845s] -- Using all available rosidl_typesupport_cpp: rosidl_typesupport_fastrtps_cpp;rosidl_typesupport_introspection_cpp
[0.885s] -- Found cv_bridge: 3.2.1 (/opt/ros/humble/share/cv_bridge/cmake)
[0.936s] -- Found nav2_msgs: 1.1.18 (/opt/ros/humble/share/nav2_msgs/cmake)
[1.005s] -- Found rclcpp: 16.0.12 (/opt/ros/humble/share/rclcpp/cmake)
[1.043s] -- Found rmw_implementation_cmake: 6.1.2 (/opt/ros/humble/share/rmw_implementation_cmake/cmake)
[1.046s] -- Found rmw_fastrtps_cpp: 6.2.7 (/opt/ros/humble/share/rmw_fastrtps_cpp/cmake)
[1.125s] -- Found OpenSSL: /usr/lib/x86_64-linux-gnu/libcrypto.so (found version "3.0.2")  
[1.152s] -- Found FastRTPS: /opt/ros/humble/include  
[1.193s] -- Using RMW implementation 'rmw_fastrtps_cpp' as default
[1.201s] -- Looking for pthread.h
[1.285s] -- Looking for pthread.h - found
[1.285s] -- Performing Test CMAKE_HAVE_LIBC_PTHREAD
[1.352s] -- Performing Test CMAKE_HAVE_LIBC_PTHREAD - Success
[1.353s] -- Found Threads: TRUE  
[1.399s] [31mCMake Error at CMakeLists.txt:17 (find_package):
[1.400s]   By not providing "Findspatial_utils.cmake" in CMAKE_MODULE_PATH this
[1.400s]   project has asked CMake to find a package configuration file provided by
[1.400s]   "spatial_utils", but CMake did not find one.
[1.400s] 
[1.400s]   Could not find a package configuration file provided by "spatial_utils"
[1.400s]   with any of the following names:
[1.400s] 
[1.400s]     spatial_utilsConfig.cmake
[1.400s]     spatial_utils-config.cmake
[1.400s] 
[1.400s]   Add the installation prefix of "spatial_utils" to CMAKE_PREFIX_PATH or set
[1.400s]   "spatial_utils_DIR" to a directory containing one of the above files.  If
[1.400s]   "spatial_utils" provides a separate development package or SDK, be sure it
[1.400s]   has been installed.
[1.400s] 
[1.400s] [0m
[1.400s] -- Configuring incomplete, errors occurred!
[1.401s] See also "/home/bwilab/bwi_ros2/src/fri_autonomous_template/build/follower_robot/CMakeFiles/CMakeOutput.log".
[1.407s] Invoked command in '/home/bwilab/bwi_ros2/src/fri_autonomous_template/build/follower_robot' returned '1': CMAKE_PREFIX_PATH=/opt/ros/humble /usr/bin/cmake /home/bwilab/bwi_ros2/src/fri_autonomous_template/follower_robot -DCMAKE_INSTALL_PREFIX=/home/bwilab/bwi_ros2/src/fri_autonomous_template/install/follower_robot
