[ 50%] [32mBuilding CXX object CMakeFiles/send_goal.dir/src/send_goal.cpp.o[0m
[100%] [32m[1mLinking CXX executable send_goal[0m
[100%] Built target send_goal
-- Install configuration: ""
-- Installing: /home/bwilab/bwi_ros2/src/fri_autonomous_template/install/nav_goals/lib/nav_goals/send_goal
-- Set runtime path of "/home/bwilab/bwi_ros2/src/fri_autonomous_template/install/nav_goals/lib/nav_goals/send_goal" to ""
-- Installing: /home/bwilab/bwi_ros2/src/fri_autonomous_template/install/nav_goals/share/ament_index/resource_index/package_run_dependencies/nav_goals
-- Installing: /home/bwilab/bwi_ros2/src/fri_autonomous_template/install/nav_goals/share/ament_index/resource_index/parent_prefix_path/nav_goals
-- Installing: /home/bwilab/bwi_ros2/src/fri_autonomous_template/install/nav_goals/share/nav_goals/environment/ament_prefix_path.sh
-- Installing: /home/bwilab/bwi_ros2/src/fri_autonomous_template/install/nav_goals/share/nav_goals/environment/ament_prefix_path.dsv
-- Installing: /home/bwilab/bwi_ros2/src/fri_autonomous_template/install/nav_goals/share/nav_goals/environment/path.sh
-- Installing: /home/bwilab/bwi_ros2/src/fri_autonomous_template/install/nav_goals/share/nav_goals/environment/path.dsv
-- Installing: /home/bwilab/bwi_ros2/src/fri_autonomous_template/install/nav_goals/share/nav_goals/local_setup.bash
-- Installing: /home/bwilab/bwi_ros2/src/fri_autonomous_template/install/nav_goals/share/nav_goals/local_setup.sh
-- Installing: /home/bwilab/bwi_ros2/src/fri_autonomous_template/install/nav_goals/share/nav_goals/local_setup.zsh
-- Installing: /home/bwilab/bwi_ros2/src/fri_autonomous_template/install/nav_goals/share/nav_goals/local_setup.dsv
-- Installing: /home/bwilab/bwi_ros2/src/fri_autonomous_template/install/nav_goals/share/nav_goals/package.dsv
-- Installing: /home/bwilab/bwi_ros2/src/fri_autonomous_template/install/nav_goals/share/ament_index/resource_index/packages/nav_goals
-- Installing: /home/bwilab/bwi_ros2/src/fri_autonomous_template/install/nav_goals/share/nav_goals/cmake/nav_goalsConfig.cmake
-- Installing: /home/bwilab/bwi_ros2/src/fri_autonomous_template/install/nav_goals/share/nav_goals/cmake/nav_goalsConfig-version.cmake
-- Installing: /home/bwilab/bwi_ros2/src/fri_autonomous_template/install/nav_goals/share/nav_goals/package.xml
