-- The C compiler identification is GNU 11.4.0
-- The CXX compiler identification is GNU 11.4.0
-- Detecting C compiler ABI info
-- Detecting C compiler ABI info - done
-- Check for working C compiler: /usr/bin/cc - skipped
-- Detecting C compile features
-- Detecting C compile features - done
-- Detecting CXX compiler ABI info
-- Detecting CXX compiler ABI info - done
-- Check for working CXX compiler: /usr/bin/c++ - skipped
-- Detecting CXX compile features
-- Detecting CXX compile features - done
-- Found ament_cmake: 1.3.11 (/opt/ros/humble/share/ament_cmake/cmake)
-- Found Python3: /usr/bin/python3 (found version "3.10.12") found components: Interpreter 
-- Found rclcpp: 16.0.12 (/opt/ros/humble/share/rclcpp/cmake)
-- Found rosidl_generator_c: 3.1.6 (/opt/ros/humble/share/rosidl_generator_c/cmake)
-- Found rosidl_adapter: 3.1.6 (/opt/ros/humble/share/rosidl_adapter/cmake)
-- Found rosidl_generator_cpp: 3.1.6 (/opt/ros/humble/share/rosidl_generator_cpp/cmake)
-- Using all available rosidl_typesupport_c: rosidl_typesupport_fastrtps_c;rosidl_typesupport_introspection_c
-- Using all available rosidl_typesupport_cpp: rosidl_typesupport_fastrtps_cpp;rosidl_typesupport_introspection_cpp
-- Found rmw_implementation_cmake: 6.1.2 (/opt/ros/humble/share/rmw_implementation_cmake/cmake)
-- Found rmw_fastrtps_cpp: 6.2.7 (/opt/ros/humble/share/rmw_fastrtps_cpp/cmake)
-- Found OpenSSL: /usr/lib/x86_64-linux-gnu/libcrypto.so (found version "3.0.2")  
-- Found FastRTPS: /opt/ros/humble/include  
-- Using RMW implementation 'rmw_fastrtps_cpp' as default
-- Looking for pthread.h
-- Looking for pthread.h - found
-- Performing Test CMAKE_HAVE_LIBC_PTHREAD
-- Performing Test CMAKE_HAVE_LIBC_PTHREAD - Success
-- Found Threads: TRUE  
-- Found tf2_ros: 0.25.12 (/opt/ros/humble/share/tf2_ros/cmake)
-- Found PkgConfig: /usr/bin/pkg-config (found version "0.29.2") 
-- Found spatial_utils: 0.0.0 (/home/bwilab/bwi_ros2/src/fri_autonomous_template/install/spatial_utils/share/spatial_utils/cmake)
-- Checking for module 'gtk+-3.0'
--   Found gtk+-3.0, version 3.24.33
-- Configuring done
-- Generating done
-- Build files have been written to: /home/bwilab/bwi_ros2/src/fri_autonomous_template/build/spatial_transforms
[ 50%] [32mBuilding CXX object CMakeFiles/spatial_transform_node.dir/src/spatial_transform_node.cpp.o[0m
[ 50%] [32mBuilding CXX object CMakeFiles/tf_listener_node.dir/src/tf_listener_node.cpp.o[0m
[ 75%] [32m[1mLinking CXX executable spatial_transform_node[0m
[ 75%] Built target spatial_transform_node
[100%] [32m[1mLinking CXX executable tf_listener_node[0m
[100%] Built target tf_listener_node
-- Install configuration: ""
-- Installing: /home/bwilab/bwi_ros2/src/fri_autonomous_template/install/spatial_transforms/lib/spatial_transforms/spatial_transform_node
-- Set runtime path of "/home/bwilab/bwi_ros2/src/fri_autonomous_template/install/spatial_transforms/lib/spatial_transforms/spatial_transform_node" to ""
-- Installing: /home/bwilab/bwi_ros2/src/fri_autonomous_template/install/spatial_transforms/lib/spatial_transforms/tf_listener_node
-- Set runtime path of "/home/bwilab/bwi_ros2/src/fri_autonomous_template/install/spatial_transforms/lib/spatial_transforms/tf_listener_node" to ""
-- Installing: /home/bwilab/bwi_ros2/src/fri_autonomous_template/install/spatial_transforms/share/ament_index/resource_index/package_run_dependencies/spatial_transforms
-- Installing: /home/bwilab/bwi_ros2/src/fri_autonomous_template/install/spatial_transforms/share/ament_index/resource_index/parent_prefix_path/spatial_transforms
-- Installing: /home/bwilab/bwi_ros2/src/fri_autonomous_template/install/spatial_transforms/share/spatial_transforms/environment/ament_prefix_path.sh
-- Installing: /home/bwilab/bwi_ros2/src/fri_autonomous_template/install/spatial_transforms/share/spatial_transforms/environment/ament_prefix_path.dsv
-- Installing: /home/bwilab/bwi_ros2/src/fri_autonomous_template/install/spatial_transforms/share/spatial_transforms/environment/path.sh
-- Installing: /home/bwilab/bwi_ros2/src/fri_autonomous_template/install/spatial_transforms/share/spatial_transforms/environment/path.dsv
-- Installing: /home/bwilab/bwi_ros2/src/fri_autonomous_template/install/spatial_transforms/share/spatial_transforms/local_setup.bash
-- Installing: /home/bwilab/bwi_ros2/src/fri_autonomous_template/install/spatial_transforms/share/spatial_transforms/local_setup.sh
-- Installing: /home/bwilab/bwi_ros2/src/fri_autonomous_template/install/spatial_transforms/share/spatial_transforms/local_setup.zsh
-- Installing: /home/bwilab/bwi_ros2/src/fri_autonomous_template/install/spatial_transforms/share/spatial_transforms/local_setup.dsv
-- Installing: /home/bwilab/bwi_ros2/src/fri_autonomous_template/install/spatial_transforms/share/spatial_transforms/package.dsv
-- Installing: /home/bwilab/bwi_ros2/src/fri_autonomous_template/install/spatial_transforms/share/ament_index/resource_index/packages/spatial_transforms
-- Installing: /home/bwilab/bwi_ros2/src/fri_autonomous_template/install/spatial_transforms/share/spatial_transforms/cmake/ament_cmake_export_dependencies-extras.cmake
-- Installing: /home/bwilab/bwi_ros2/src/fri_autonomous_template/install/spatial_transforms/share/spatial_transforms/cmake/ament_cmake_export_include_directories-extras.cmake
-- Installing: /home/bwilab/bwi_ros2/src/fri_autonomous_template/install/spatial_transforms/share/spatial_transforms/cmake/spatial_transformsConfig.cmake
-- Installing: /home/bwilab/bwi_ros2/src/fri_autonomous_template/install/spatial_transforms/share/spatial_transforms/cmake/spatial_transformsConfig-version.cmake
-- Installing: /home/bwilab/bwi_ros2/src/fri_autonomous_template/install/spatial_transforms/share/spatial_transforms/package.xml
