[0.008s] Invoking command in '/home/bwilab/bwi_ros2/src/fri_autonomous_template/build/spatial_transforms': AMENT_PREFIX_PATH=/home/bwilab/bwi_ros2/src/fri_autonomous_template/install/spatial_utils:${AMENT_PREFIX_PATH} CMAKE_PREFIX_PATH=/home/bwilab/bwi_ros2/src/fri_autonomous_template/install/spatial_utils:/home/bwilab/bwi_ros2/install/spatial_utils:/opt/ros/humble LD_LIBRARY_PATH=/home/bwilab/bwi_ros2/src/fri_autonomous_template/install/spatial_utils/lib:${LD_LIBRARY_PATH} /usr/bin/cmake /home/bwilab/bwi_ros2/src/fri_autonomous_template/spatial_transforms -DCMAKE_INSTALL_PREFIX=/home/bwilab/bwi_ros2/src/fri_autonomous_template/install/spatial_transforms
[0.053s] -- The C compiler identification is GNU 11.4.0
[0.102s] -- The CXX compiler identification is GNU 11.4.0
[0.108s] -- Detecting C compiler ABI info
[0.159s] -- Detecting C compiler ABI info - done
[0.170s] -- Check for working C compiler: /usr/bin/cc - skipped
[0.170s] -- Detecting C compile features
[0.171s] -- Detecting C compile features - done
[0.175s] -- Detecting CXX compiler ABI info
[0.239s] -- Detecting CXX compiler ABI info - done
[0.245s] -- Check for working CXX compiler: /usr/bin/c++ - skipped
[0.245s] -- Detecting CXX compile features
[0.245s] -- Detecting CXX compile features - done
[0.247s] -- Found ament_cmake: 1.3.11 (/opt/ros/humble/share/ament_cmake/cmake)
[0.613s] -- Found Python3: /usr/bin/python3 (found version "3.10.12") found components: Interpreter 
[0.692s] -- Found rclcpp: 16.0.12 (/opt/ros/humble/share/rclcpp/cmake)
[0.726s] -- Found rosidl_generator_c: 3.1.6 (/opt/ros/humble/share/rosidl_generator_c/cmake)
[0.730s] -- Found rosidl_adapter: 3.1.6 (/opt/ros/humble/share/rosidl_adapter/cmake)
[0.737s] -- Found rosidl_generator_cpp: 3.1.6 (/opt/ros/humble/share/rosidl_generator_cpp/cmake)
[0.747s] -- Using all available rosidl_typesupport_c: rosidl_typesupport_fastrtps_c;rosidl_typesupport_introspection_c
[0.761s] -- Using all available rosidl_typesupport_cpp: rosidl_typesupport_fastrtps_cpp;rosidl_typesupport_introspection_cpp
[0.799s] -- Found rmw_implementation_cmake: 6.1.2 (/opt/ros/humble/share/rmw_implementation_cmake/cmake)
[0.801s] -- Found rmw_fastrtps_cpp: 6.2.7 (/opt/ros/humble/share/rmw_fastrtps_cpp/cmake)
[0.862s] -- Found OpenSSL: /usr/lib/x86_64-linux-gnu/libcrypto.so (found version "3.0.2")  
[0.885s] -- Found FastRTPS: /opt/ros/humble/include  
[0.919s] -- Using RMW implementation 'rmw_fastrtps_cpp' as default
[0.926s] -- Looking for pthread.h
[0.979s] -- Looking for pthread.h - found
[0.979s] -- Performing Test CMAKE_HAVE_LIBC_PTHREAD
[1.033s] -- Performing Test CMAKE_HAVE_LIBC_PTHREAD - Success
[1.034s] -- Found Threads: TRUE  
[1.077s] -- Found tf2_ros: 0.25.12 (/opt/ros/humble/share/tf2_ros/cmake)
[1.183s] -- Found PkgConfig: /usr/bin/pkg-config (found version "0.29.2") 
[1.184s] -- Found spatial_utils: 0.0.0 (/home/bwilab/bwi_ros2/src/fri_autonomous_template/install/spatial_utils/share/spatial_utils/cmake)
[1.186s] -- Checking for module 'gtk+-3.0'
[1.209s] --   Found gtk+-3.0, version 3.24.33
[1.333s] -- Configuring done
[1.344s] -- Generating done
[1.345s] -- Build files have been written to: /home/bwilab/bwi_ros2/src/fri_autonomous_template/build/spatial_transforms
[1.352s] Invoked command in '/home/bwilab/bwi_ros2/src/fri_autonomous_template/build/spatial_transforms' returned '0': AMENT_PREFIX_PATH=/home/bwilab/bwi_ros2/src/fri_autonomous_template/install/spatial_utils:${AMENT_PREFIX_PATH} CMAKE_PREFIX_PATH=/home/bwilab/bwi_ros2/src/fri_autonomous_template/install/spatial_utils:/home/bwilab/bwi_ros2/install/spatial_utils:/opt/ros/humble LD_LIBRARY_PATH=/home/bwilab/bwi_ros2/src/fri_autonomous_template/install/spatial_utils/lib:${LD_LIBRARY_PATH} /usr/bin/cmake /home/bwilab/bwi_ros2/src/fri_autonomous_template/spatial_transforms -DCMAKE_INSTALL_PREFIX=/home/bwilab/bwi_ros2/src/fri_autonomous_template/install/spatial_transforms
[1.354s] Invoking command in '/home/bwilab/bwi_ros2/src/fri_autonomous_template/build/spatial_transforms': AMENT_PREFIX_PATH=/home/bwilab/bwi_ros2/src/fri_autonomous_template/install/spatial_utils:${AMENT_PREFIX_PATH} CMAKE_PREFIX_PATH=/home/bwilab/bwi_ros2/src/fri_autonomous_template/install/spatial_utils:/home/bwilab/bwi_ros2/install/spatial_utils:/opt/ros/humble LD_LIBRARY_PATH=/home/bwilab/bwi_ros2/src/fri_autonomous_template/install/spatial_utils/lib:${LD_LIBRARY_PATH} /usr/bin/cmake --build /home/bwilab/bwi_ros2/src/fri_autonomous_template/build/spatial_transforms -- -j12 -l12
[1.391s] [ 50%] [32mBuilding CXX object CMakeFiles/spatial_transform_node.dir/src/spatial_transform_node.cpp.o[0m
[1.391s] [ 50%] [32mBuilding CXX object CMakeFiles/tf_listener_node.dir/src/tf_listener_node.cpp.o[0m
[5.876s] [ 75%] [32m[1mLinking CXX executable spatial_transform_node[0m
[6.155s] [ 75%] Built target spatial_transform_node
[6.810s] [100%] [32m[1mLinking CXX executable tf_listener_node[0m
[7.007s] [100%] Built target tf_listener_node
[7.016s] Invoked command in '/home/bwilab/bwi_ros2/src/fri_autonomous_template/build/spatial_transforms' returned '0': AMENT_PREFIX_PATH=/home/bwilab/bwi_ros2/src/fri_autonomous_template/install/spatial_utils:${AMENT_PREFIX_PATH} CMAKE_PREFIX_PATH=/home/bwilab/bwi_ros2/src/fri_autonomous_template/install/spatial_utils:/home/bwilab/bwi_ros2/install/spatial_utils:/opt/ros/humble LD_LIBRARY_PATH=/home/bwilab/bwi_ros2/src/fri_autonomous_template/install/spatial_utils/lib:${LD_LIBRARY_PATH} /usr/bin/cmake --build /home/bwilab/bwi_ros2/src/fri_autonomous_template/build/spatial_transforms -- -j12 -l12
[7.036s] Invoking command in '/home/bwilab/bwi_ros2/src/fri_autonomous_template/build/spatial_transforms': AMENT_PREFIX_PATH=/home/bwilab/bwi_ros2/src/fri_autonomous_template/install/spatial_utils:${AMENT_PREFIX_PATH} CMAKE_PREFIX_PATH=/home/bwilab/bwi_ros2/src/fri_autonomous_template/install/spatial_utils:/home/bwilab/bwi_ros2/install/spatial_utils:/opt/ros/humble LD_LIBRARY_PATH=/home/bwilab/bwi_ros2/src/fri_autonomous_template/install/spatial_utils/lib:${LD_LIBRARY_PATH} /usr/bin/cmake --install /home/bwilab/bwi_ros2/src/fri_autonomous_template/build/spatial_transforms
[7.042s] -- Install configuration: ""
[7.042s] -- Installing: /home/bwilab/bwi_ros2/src/fri_autonomous_template/install/spatial_transforms/lib/spatial_transforms/spatial_transform_node
[7.043s] -- Set runtime path of "/home/bwilab/bwi_ros2/src/fri_autonomous_template/install/spatial_transforms/lib/spatial_transforms/spatial_transform_node" to ""
[7.043s] -- Installing: /home/bwilab/bwi_ros2/src/fri_autonomous_template/install/spatial_transforms/lib/spatial_transforms/tf_listener_node
[7.043s] -- Set runtime path of "/home/bwilab/bwi_ros2/src/fri_autonomous_template/install/spatial_transforms/lib/spatial_transforms/tf_listener_node" to ""
[7.044s] -- Installing: /home/bwilab/bwi_ros2/src/fri_autonomous_template/install/spatial_transforms/share/ament_index/resource_index/package_run_dependencies/spatial_transforms
[7.044s] -- Installing: /home/bwilab/bwi_ros2/src/fri_autonomous_template/install/spatial_transforms/share/ament_index/resource_index/parent_prefix_path/spatial_transforms
[7.044s] -- Installing: /home/bwilab/bwi_ros2/src/fri_autonomous_template/install/spatial_transforms/share/spatial_transforms/environment/ament_prefix_path.sh
[7.044s] -- Installing: /home/bwilab/bwi_ros2/src/fri_autonomous_template/install/spatial_transforms/share/spatial_transforms/environment/ament_prefix_path.dsv
[7.044s] -- Installing: /home/bwilab/bwi_ros2/src/fri_autonomous_template/install/spatial_transforms/share/spatial_transforms/environment/path.sh
[7.044s] -- Installing: /home/bwilab/bwi_ros2/src/fri_autonomous_template/install/spatial_transforms/share/spatial_transforms/environment/path.dsv
[7.044s] -- Installing: /home/bwilab/bwi_ros2/src/fri_autonomous_template/install/spatial_transforms/share/spatial_transforms/local_setup.bash
[7.044s] -- Installing: /home/bwilab/bwi_ros2/src/fri_autonomous_template/install/spatial_transforms/share/spatial_transforms/local_setup.sh
[7.044s] -- Installing: /home/bwilab/bwi_ros2/src/fri_autonomous_template/install/spatial_transforms/share/spatial_transforms/local_setup.zsh
[7.045s] -- Installing: /home/bwilab/bwi_ros2/src/fri_autonomous_template/install/spatial_transforms/share/spatial_transforms/local_setup.dsv
[7.045s] -- Installing: /home/bwilab/bwi_ros2/src/fri_autonomous_template/install/spatial_transforms/share/spatial_transforms/package.dsv
[7.045s] -- Installing: /home/bwilab/bwi_ros2/src/fri_autonomous_template/install/spatial_transforms/share/ament_index/resource_index/packages/spatial_transforms
[7.045s] -- Installing: /home/bwilab/bwi_ros2/src/fri_autonomous_template/install/spatial_transforms/share/spatial_transforms/cmake/ament_cmake_export_dependencies-extras.cmake
[7.045s] -- Installing: /home/bwilab/bwi_ros2/src/fri_autonomous_template/install/spatial_transforms/share/spatial_transforms/cmake/ament_cmake_export_include_directories-extras.cmake
[7.045s] -- Installing: /home/bwilab/bwi_ros2/src/fri_autonomous_template/install/spatial_transforms/share/spatial_transforms/cmake/spatial_transformsConfig.cmake
[7.045s] -- Installing: /home/bwilab/bwi_ros2/src/fri_autonomous_template/install/spatial_transforms/share/spatial_transforms/cmake/spatial_transformsConfig-version.cmake
[7.045s] -- Installing: /home/bwilab/bwi_ros2/src/fri_autonomous_template/install/spatial_transforms/share/spatial_transforms/package.xml
[7.047s] Invoked command in '/home/bwilab/bwi_ros2/src/fri_autonomous_template/build/spatial_transforms' returned '0': AMENT_PREFIX_PATH=/home/bwilab/bwi_ros2/src/fri_autonomous_template/install/spatial_utils:${AMENT_PREFIX_PATH} CMAKE_PREFIX_PATH=/home/bwilab/bwi_ros2/src/fri_autonomous_template/install/spatial_utils:/home/bwilab/bwi_ros2/install/spatial_utils:/opt/ros/humble LD_LIBRARY_PATH=/home/bwilab/bwi_ros2/src/fri_autonomous_template/install/spatial_utils/lib:${LD_LIBRARY_PATH} /usr/bin/cmake --install /home/bwilab/bwi_ros2/src/fri_autonomous_template/build/spatial_transforms
