-- The C compiler identification is GNU 11.4.0
-- The CXX compiler identification is GNU 11.4.0
-- Detecting C compiler ABI info
-- Detecting C compiler ABI info - done
-- Check for working C compiler: /usr/bin/cc - skipped
-- Detecting C compile features
-- Detecting C compile features - done
-- Detecting CXX compiler ABI info
-- Detecting CXX compiler ABI info - done
-- Check for working CXX compiler: /usr/bin/c++ - skipped
-- Detecting CXX compile features
-- Detecting CXX compile features - done
-- Found ament_cmake: 1.3.11 (/opt/ros/humble/share/ament_cmake/cmake)
-- Found Python3: /usr/bin/python3 (found version "3.10.12") found components: Interpreter 
-- Found rclcpp: 16.0.12 (/opt/ros/humble/share/rclcpp/cmake)
-- Found rosidl_generator_c: 3.1.6 (/opt/ros/humble/share/rosidl_generator_c/cmake)
-- Found rosidl_adapter: 3.1.6 (/opt/ros/humble/share/rosidl_adapter/cmake)
-- Found rosidl_generator_cpp: 3.1.6 (/opt/ros/humble/share/rosidl_generator_cpp/cmake)
-- Using all available rosidl_typesupport_c: rosidl_typesupport_fastrtps_c;rosidl_typesupport_introspection_c
-- Using all available rosidl_typesupport_cpp: rosidl_typesupport_fastrtps_cpp;rosidl_typesupport_introspection_cpp
-- Found rmw_implementation_cmake: 6.1.2 (/opt/ros/humble/share/rmw_implementation_cmake/cmake)
-- Found rmw_fastrtps_cpp: 6.2.7 (/opt/ros/humble/share/rmw_fastrtps_cpp/cmake)
-- Found OpenSSL: /usr/lib/x86_64-linux-gnu/libcrypto.so (found version "3.0.2")  
-- Found FastRTPS: /opt/ros/humble/include  
-- Using RMW implementation 'rmw_fastrtps_cpp' as default
-- Looking for pthread.h
-- Looking for pthread.h - found
-- Performing Test CMAKE_HAVE_LIBC_PTHREAD
-- Performing Test CMAKE_HAVE_LIBC_PTHREAD - Success
-- Found Threads: TRUE  
-- Found tf2_ros: 0.25.12 (/opt/ros/humble/share/tf2_ros/cmake)
-- Found ament_lint_auto: 0.12.12 (/opt/ros/humble/share/ament_lint_auto/cmake)
-- Added test 'cppcheck' to perform static code analysis on C / C++ code
-- Configured cppcheck include dirs: /home/bwilab/bwi_ros2/src/fri_autonomous_template/spatial_utils/include;$<BUILD_INTERFACE:/home/bwilab/bwi_ros2/src/fri_autonomous_template/spatial_utils/include>
-- Configured cppcheck exclude dirs and/or files: 
-- Added test 'lint_cmake' to check CMake code style
-- Added test 'uncrustify' to check C / C++ code style
-- Configured uncrustify additional arguments: 
-- Added test 'xmllint' to check XML markup files
-- Configuring done
-- Generating done
-- Build files have been written to: /home/bwilab/bwi_ros2/src/fri_autonomous_template/spatial_utils/build/spatial_utils
[ 50%] [32mBuilding CXX object CMakeFiles/spatial_utils.dir/src/transform_util.cpp.o[0m
[01m[K/home/bwilab/bwi_ros2/src/fri_autonomous_template/spatial_utils/src/transform_util.cpp:[m[K In function ‘[01m[Kgeometry_msgs::msg::TransformStamped matrixToTransform(const MatrixXd&, const string&, const string&)[m[K’:
[01m[K/home/bwilab/bwi_ros2/src/fri_autonomous_template/spatial_utils/src/transform_util.cpp:45:55:[m[K [01;35m[Kwarning: [m[Kunused parameter ‘[01m[Kparent_frame[m[K’ [[01;35m[K]8;;https://gcc.gnu.org/onlinedocs/gcc/Warning-Options.html#index-Wunused-parameter-Wunused-parameter]8;;[m[K]
   45 |     const Eigen::MatrixXd &matrix, [01;35m[Kconst std::string &parent_frame[m[K, const std::string &child_frame) {
      |                                    [01;35m[K~~~~~~~~~~~~~~~~~~~^~~~~~~~~~~~[m[K
[01m[K/home/bwilab/bwi_ros2/src/fri_autonomous_template/spatial_utils/src/transform_util.cpp:45:88:[m[K [01;35m[Kwarning: [m[Kunused parameter ‘[01m[Kchild_frame[m[K’ [[01;35m[K]8;;https://gcc.gnu.org/onlinedocs/gcc/Warning-Options.html#index-Wunused-parameter-Wunused-parameter]8;;[m[K]
   45 | matrix, const std::string &parent_frame, [01;35m[Kconst std::string &child_frame[m[K) {
      |                                          [01;35m[K~~~~~~~~~~~~~~~~~~~^~~~~~~~~~~[m[K

[100%] [32m[1mLinking CXX static library libspatial_utils.a[0m
[100%] Built target spatial_utils
-- Install configuration: ""
-- Installing: /home/bwilab/bwi_ros2/src/fri_autonomous_template/spatial_utils/install/spatial_utils/lib/libspatial_utils.a
-- Installing: /home/bwilab/bwi_ros2/src/fri_autonomous_template/spatial_utils/install/spatial_utils/include
-- Installing: /home/bwilab/bwi_ros2/src/fri_autonomous_template/spatial_utils/install/spatial_utils/include/spatial_utils
-- Installing: /home/bwilab/bwi_ros2/src/fri_autonomous_template/spatial_utils/install/spatial_utils/include/spatial_utils/transform_util.h
-- Installing: /home/bwilab/bwi_ros2/src/fri_autonomous_template/spatial_utils/install/spatial_utils/share/spatial_utils/environment/library_path.sh
-- Installing: /home/bwilab/bwi_ros2/src/fri_autonomous_template/spatial_utils/install/spatial_utils/share/spatial_utils/environment/library_path.dsv
-- Installing: /home/bwilab/bwi_ros2/src/fri_autonomous_template/spatial_utils/install/spatial_utils/share/ament_index/resource_index/package_run_dependencies/spatial_utils
-- Installing: /home/bwilab/bwi_ros2/src/fri_autonomous_template/spatial_utils/install/spatial_utils/share/ament_index/resource_index/parent_prefix_path/spatial_utils
-- Installing: /home/bwilab/bwi_ros2/src/fri_autonomous_template/spatial_utils/install/spatial_utils/share/spatial_utils/environment/ament_prefix_path.sh
-- Installing: /home/bwilab/bwi_ros2/src/fri_autonomous_template/spatial_utils/install/spatial_utils/share/spatial_utils/environment/ament_prefix_path.dsv
-- Installing: /home/bwilab/bwi_ros2/src/fri_autonomous_template/spatial_utils/install/spatial_utils/share/spatial_utils/environment/path.sh
-- Installing: /home/bwilab/bwi_ros2/src/fri_autonomous_template/spatial_utils/install/spatial_utils/share/spatial_utils/environment/path.dsv
-- Installing: /home/bwilab/bwi_ros2/src/fri_autonomous_template/spatial_utils/install/spatial_utils/share/spatial_utils/local_setup.bash
-- Installing: /home/bwilab/bwi_ros2/src/fri_autonomous_template/spatial_utils/install/spatial_utils/share/spatial_utils/local_setup.sh
-- Installing: /home/bwilab/bwi_ros2/src/fri_autonomous_template/spatial_utils/install/spatial_utils/share/spatial_utils/local_setup.zsh
-- Installing: /home/bwilab/bwi_ros2/src/fri_autonomous_template/spatial_utils/install/spatial_utils/share/spatial_utils/local_setup.dsv
-- Installing: /home/bwilab/bwi_ros2/src/fri_autonomous_template/spatial_utils/install/spatial_utils/share/spatial_utils/package.dsv
-- Installing: /home/bwilab/bwi_ros2/src/fri_autonomous_template/spatial_utils/install/spatial_utils/share/ament_index/resource_index/packages/spatial_utils
-- Installing: /home/bwilab/bwi_ros2/src/fri_autonomous_template/spatial_utils/install/spatial_utils/share/spatial_utils/cmake/ament_cmake_export_include_directories-extras.cmake
-- Installing: /home/bwilab/bwi_ros2/src/fri_autonomous_template/spatial_utils/install/spatial_utils/share/spatial_utils/cmake/ament_cmake_export_libraries-extras.cmake
-- Installing: /home/bwilab/bwi_ros2/src/fri_autonomous_template/spatial_utils/install/spatial_utils/share/spatial_utils/cmake/spatial_utilsConfig.cmake
-- Installing: /home/bwilab/bwi_ros2/src/fri_autonomous_template/spatial_utils/install/spatial_utils/share/spatial_utils/cmake/spatial_utilsConfig-version.cmake
-- Installing: /home/bwilab/bwi_ros2/src/fri_autonomous_template/spatial_utils/install/spatial_utils/share/spatial_utils/package.xml
