[0.008s] Invoking command in '/home/bwilab/bwi_ros2/src/fri_autonomous_template/spatial_utils/build/spatial_utils': CMAKE_PREFIX_PATH=/opt/ros/humble /usr/bin/cmake /home/bwilab/bwi_ros2/src/fri_autonomous_template/spatial_utils -DCMAKE_INSTALL_PREFIX=/home/bwilab/bwi_ros2/src/fri_autonomous_template/spatial_utils/install/spatial_utils
[0.053s] -- The C compiler identification is GNU 11.4.0
[0.103s] -- The CXX compiler identification is GNU 11.4.0
[0.110s] -- Detecting C compiler ABI info
[0.170s] -- Detecting C compiler ABI info - done
[0.185s] -- Check for working C compiler: /usr/bin/cc - skipped
[0.185s] -- Detecting C compile features
[0.186s] -- Detecting C compile features - done
[0.189s] -- Detecting CXX compiler ABI info
[0.259s] -- Detecting CXX compiler ABI info - done
[0.267s] -- Check for working CXX compiler: /usr/bin/c++ - skipped
[0.267s] -- Detecting CXX compile features
[0.268s] -- Detecting CXX compile features - done
[0.269s] -- Found ament_cmake: 1.3.11 (/opt/ros/humble/share/ament_cmake/cmake)
[0.660s] -- Found Python3: /usr/bin/python3 (found version "3.10.12") found components: Interpreter 
[0.760s] -- Found rclcpp: 16.0.12 (/opt/ros/humble/share/rclcpp/cmake)
[0.800s] -- Found rosidl_generator_c: 3.1.6 (/opt/ros/humble/share/rosidl_generator_c/cmake)
[0.804s] -- Found rosidl_adapter: 3.1.6 (/opt/ros/humble/share/rosidl_adapter/cmake)
[0.812s] -- Found rosidl_generator_cpp: 3.1.6 (/opt/ros/humble/share/rosidl_generator_cpp/cmake)
[0.823s] -- Using all available rosidl_typesupport_c: rosidl_typesupport_fastrtps_c;rosidl_typesupport_introspection_c
[0.839s] -- Using all available rosidl_typesupport_cpp: rosidl_typesupport_fastrtps_cpp;rosidl_typesupport_introspection_cpp
[0.880s] -- Found rmw_implementation_cmake: 6.1.2 (/opt/ros/humble/share/rmw_implementation_cmake/cmake)
[0.882s] -- Found rmw_fastrtps_cpp: 6.2.7 (/opt/ros/humble/share/rmw_fastrtps_cpp/cmake)
[0.956s] -- Found OpenSSL: /usr/lib/x86_64-linux-gnu/libcrypto.so (found version "3.0.2")  
[0.981s] -- Found FastRTPS: /opt/ros/humble/include  
[1.022s] -- Using RMW implementation 'rmw_fastrtps_cpp' as default
[1.031s] -- Looking for pthread.h
[1.102s] -- Looking for pthread.h - found
[1.102s] -- Performing Test CMAKE_HAVE_LIBC_PTHREAD
[1.178s] -- Performing Test CMAKE_HAVE_LIBC_PTHREAD - Success
[1.179s] -- Found Threads: TRUE  
[1.242s] -- Found tf2_ros: 0.25.12 (/opt/ros/humble/share/tf2_ros/cmake)
[1.383s] -- Found ament_lint_auto: 0.12.12 (/opt/ros/humble/share/ament_lint_auto/cmake)
[1.506s] -- Added test 'cppcheck' to perform static code analysis on C / C++ code
[1.506s] -- Configured cppcheck include dirs: /home/bwilab/bwi_ros2/src/fri_autonomous_template/spatial_utils/include;$<BUILD_INTERFACE:/home/bwilab/bwi_ros2/src/fri_autonomous_template/spatial_utils/include>
[1.506s] -- Configured cppcheck exclude dirs and/or files: 
[1.508s] -- Added test 'lint_cmake' to check CMake code style
[1.512s] -- Added test 'uncrustify' to check C / C++ code style
[1.513s] -- Configured uncrustify additional arguments: 
[1.514s] -- Added test 'xmllint' to check XML markup files
[1.517s] -- Configuring done
[1.527s] -- Generating done
[1.529s] -- Build files have been written to: /home/bwilab/bwi_ros2/src/fri_autonomous_template/spatial_utils/build/spatial_utils
[1.542s] Invoked command in '/home/bwilab/bwi_ros2/src/fri_autonomous_template/spatial_utils/build/spatial_utils' returned '0': CMAKE_PREFIX_PATH=/opt/ros/humble /usr/bin/cmake /home/bwilab/bwi_ros2/src/fri_autonomous_template/spatial_utils -DCMAKE_INSTALL_PREFIX=/home/bwilab/bwi_ros2/src/fri_autonomous_template/spatial_utils/install/spatial_utils
[1.543s] Invoking command in '/home/bwilab/bwi_ros2/src/fri_autonomous_template/spatial_utils/build/spatial_utils': CMAKE_PREFIX_PATH=/opt/ros/humble /usr/bin/cmake --build /home/bwilab/bwi_ros2/src/fri_autonomous_template/spatial_utils/build/spatial_utils -- -j12 -l12
[1.595s] [ 50%] [32mBuilding CXX object CMakeFiles/spatial_utils.dir/src/transform_util.cpp.o[0m
[4.354s] [01m[K/home/bwilab/bwi_ros2/src/fri_autonomous_template/spatial_utils/src/transform_util.cpp:[m[K In function ‘[01m[Kgeometry_msgs::msg::TransformStamped matrixToTransform(const MatrixXd&, const string&, const string&)[m[K’:
[4.354s] [01m[K/home/bwilab/bwi_ros2/src/fri_autonomous_template/spatial_utils/src/transform_util.cpp:45:55:[m[K [01;35m[Kwarning: [m[Kunused parameter ‘[01m[Kparent_frame[m[K’ [[01;35m[K]8;;https://gcc.gnu.org/onlinedocs/gcc/Warning-Options.html#index-Wunused-parameter-Wunused-parameter]8;;[m[K]
[4.354s]    45 |     const Eigen::MatrixXd &matrix, [01;35m[Kconst std::string &parent_frame[m[K, const std::string &child_frame) {
[4.354s]       |                                    [01;35m[K~~~~~~~~~~~~~~~~~~~^~~~~~~~~~~~[m[K
[4.354s] [01m[K/home/bwilab/bwi_ros2/src/fri_autonomous_template/spatial_utils/src/transform_util.cpp:45:88:[m[K [01;35m[Kwarning: [m[Kunused parameter ‘[01m[Kchild_frame[m[K’ [[01;35m[K]8;;https://gcc.gnu.org/onlinedocs/gcc/Warning-Options.html#index-Wunused-parameter-Wunused-parameter]8;;[m[K]
[4.354s]    45 | matrix, const std::string &parent_frame, [01;35m[Kconst std::string &child_frame[m[K) {
[4.354s]       |                                          [01;35m[K~~~~~~~~~~~~~~~~~~~^~~~~~~~~~~[m[K
[4.354s] 
[5.018s] [100%] [32m[1mLinking CXX static library libspatial_utils.a[0m
[5.071s] [100%] Built target spatial_utils
[5.080s] Invoked command in '/home/bwilab/bwi_ros2/src/fri_autonomous_template/spatial_utils/build/spatial_utils' returned '0': CMAKE_PREFIX_PATH=/opt/ros/humble /usr/bin/cmake --build /home/bwilab/bwi_ros2/src/fri_autonomous_template/spatial_utils/build/spatial_utils -- -j12 -l12
[5.108s] Invoking command in '/home/bwilab/bwi_ros2/src/fri_autonomous_template/spatial_utils/build/spatial_utils': CMAKE_PREFIX_PATH=/opt/ros/humble /usr/bin/cmake --install /home/bwilab/bwi_ros2/src/fri_autonomous_template/spatial_utils/build/spatial_utils
[5.114s] -- Install configuration: ""
[5.114s] -- Installing: /home/bwilab/bwi_ros2/src/fri_autonomous_template/spatial_utils/install/spatial_utils/lib/libspatial_utils.a
[5.114s] -- Installing: /home/bwilab/bwi_ros2/src/fri_autonomous_template/spatial_utils/install/spatial_utils/include
[5.114s] -- Installing: /home/bwilab/bwi_ros2/src/fri_autonomous_template/spatial_utils/install/spatial_utils/include/spatial_utils
[5.114s] -- Installing: /home/bwilab/bwi_ros2/src/fri_autonomous_template/spatial_utils/install/spatial_utils/include/spatial_utils/transform_util.h
[5.115s] -- Installing: /home/bwilab/bwi_ros2/src/fri_autonomous_template/spatial_utils/install/spatial_utils/share/spatial_utils/environment/library_path.sh
[5.115s] -- Installing: /home/bwilab/bwi_ros2/src/fri_autonomous_template/spatial_utils/install/spatial_utils/share/spatial_utils/environment/library_path.dsv
[5.115s] -- Installing: /home/bwilab/bwi_ros2/src/fri_autonomous_template/spatial_utils/install/spatial_utils/share/ament_index/resource_index/package_run_dependencies/spatial_utils
[5.115s] -- Installing: /home/bwilab/bwi_ros2/src/fri_autonomous_template/spatial_utils/install/spatial_utils/share/ament_index/resource_index/parent_prefix_path/spatial_utils
[5.115s] -- Installing: /home/bwilab/bwi_ros2/src/fri_autonomous_template/spatial_utils/install/spatial_utils/share/spatial_utils/environment/ament_prefix_path.sh
[5.115s] -- Installing: /home/bwilab/bwi_ros2/src/fri_autonomous_template/spatial_utils/install/spatial_utils/share/spatial_utils/environment/ament_prefix_path.dsv
[5.115s] -- Installing: /home/bwilab/bwi_ros2/src/fri_autonomous_template/spatial_utils/install/spatial_utils/share/spatial_utils/environment/path.sh
[5.115s] -- Installing: /home/bwilab/bwi_ros2/src/fri_autonomous_template/spatial_utils/install/spatial_utils/share/spatial_utils/environment/path.dsv
[5.116s] -- Installing: /home/bwilab/bwi_ros2/src/fri_autonomous_template/spatial_utils/install/spatial_utils/share/spatial_utils/local_setup.bash
[5.116s] -- Installing: /home/bwilab/bwi_ros2/src/fri_autonomous_template/spatial_utils/install/spatial_utils/share/spatial_utils/local_setup.sh
[5.116s] -- Installing: /home/bwilab/bwi_ros2/src/fri_autonomous_template/spatial_utils/install/spatial_utils/share/spatial_utils/local_setup.zsh
[5.116s] -- Installing: /home/bwilab/bwi_ros2/src/fri_autonomous_template/spatial_utils/install/spatial_utils/share/spatial_utils/local_setup.dsv
[5.116s] -- Installing: /home/bwilab/bwi_ros2/src/fri_autonomous_template/spatial_utils/install/spatial_utils/share/spatial_utils/package.dsv
[5.116s] -- Installing: /home/bwilab/bwi_ros2/src/fri_autonomous_template/spatial_utils/install/spatial_utils/share/ament_index/resource_index/packages/spatial_utils
[5.116s] -- Installing: /home/bwilab/bwi_ros2/src/fri_autonomous_template/spatial_utils/install/spatial_utils/share/spatial_utils/cmake/ament_cmake_export_include_directories-extras.cmake
[5.116s] -- Installing: /home/bwilab/bwi_ros2/src/fri_autonomous_template/spatial_utils/install/spatial_utils/share/spatial_utils/cmake/ament_cmake_export_libraries-extras.cmake
[5.117s] -- Installing: /home/bwilab/bwi_ros2/src/fri_autonomous_template/spatial_utils/install/spatial_utils/share/spatial_utils/cmake/spatial_utilsConfig.cmake
[5.117s] -- Installing: /home/bwilab/bwi_ros2/src/fri_autonomous_template/spatial_utils/install/spatial_utils/share/spatial_utils/cmake/spatial_utilsConfig-version.cmake
[5.117s] -- Installing: /home/bwilab/bwi_ros2/src/fri_autonomous_template/spatial_utils/install/spatial_utils/share/spatial_utils/package.xml
[5.118s] Invoked command in '/home/bwilab/bwi_ros2/src/fri_autonomous_template/spatial_utils/build/spatial_utils' returned '0': CMAKE_PREFIX_PATH=/opt/ros/humble /usr/bin/cmake --install /home/bwilab/bwi_ros2/src/fri_autonomous_template/spatial_utils/build/spatial_utils
