[0.009s] Invoking command in '/home/bwilab/bwi_ros2/src/fri_autonomous_template/spatial_utils/build/spatial_utils': CMAKE_PREFIX_PATH=/opt/ros/humble /usr/bin/cmake --build /home/bwilab/bwi_ros2/src/fri_autonomous_template/spatial_utils/build/spatial_utils -- -j12 -l12
[0.042s] [35m[1mConsolidate compiler generated dependencies of target spatial_utils[0m
[0.060s] [100%] Built target spatial_utils
[0.068s] Invoked command in '/home/bwilab/bwi_ros2/src/fri_autonomous_template/spatial_utils/build/spatial_utils' returned '0': CMAKE_PREFIX_PATH=/opt/ros/humble /usr/bin/cmake --build /home/bwilab/bwi_ros2/src/fri_autonomous_template/spatial_utils/build/spatial_utils -- -j12 -l12
[0.095s] Invoking command in '/home/bwilab/bwi_ros2/src/fri_autonomous_template/spatial_utils/build/spatial_utils': CMAKE_PREFIX_PATH=/opt/ros/humble /usr/bin/cmake --install /home/bwilab/bwi_ros2/src/fri_autonomous_template/spatial_utils/build/spatial_utils
[0.101s] -- Install configuration: ""
[0.101s] -- Up-to-date: /home/bwilab/bwi_ros2/src/fri_autonomous_template/spatial_utils/install/spatial_utils/lib/libspatial_utils.a
[0.101s] -- Up-to-date: /home/bwilab/bwi_ros2/src/fri_autonomous_template/spatial_utils/install/spatial_utils/include
[0.101s] -- Up-to-date: /home/bwilab/bwi_ros2/src/fri_autonomous_template/spatial_utils/install/spatial_utils/include/spatial_utils
[0.101s] -- Up-to-date: /home/bwilab/bwi_ros2/src/fri_autonomous_template/spatial_utils/install/spatial_utils/include/spatial_utils/transform_util.h
[0.101s] -- Up-to-date: /home/bwilab/bwi_ros2/src/fri_autonomous_template/spatial_utils/install/spatial_utils/share/spatial_utils/environment/library_path.sh
[0.102s] -- Up-to-date: /home/bwilab/bwi_ros2/src/fri_autonomous_template/spatial_utils/install/spatial_utils/share/spatial_utils/environment/library_path.dsv
[0.102s] -- Up-to-date: /home/bwilab/bwi_ros2/src/fri_autonomous_template/spatial_utils/install/spatial_utils/share/ament_index/resource_index/package_run_dependencies/spatial_utils
[0.102s] -- Up-to-date: /home/bwilab/bwi_ros2/src/fri_autonomous_template/spatial_utils/install/spatial_utils/share/ament_index/resource_index/parent_prefix_path/spatial_utils
[0.102s] -- Up-to-date: /home/bwilab/bwi_ros2/src/fri_autonomous_template/spatial_utils/install/spatial_utils/share/spatial_utils/environment/ament_prefix_path.sh
[0.102s] -- Up-to-date: /home/bwilab/bwi_ros2/src/fri_autonomous_template/spatial_utils/install/spatial_utils/share/spatial_utils/environment/ament_prefix_path.dsv
[0.102s] -- Up-to-date: /home/bwilab/bwi_ros2/src/fri_autonomous_template/spatial_utils/install/spatial_utils/share/spatial_utils/environment/path.sh
[0.102s] -- Up-to-date: /home/bwilab/bwi_ros2/src/fri_autonomous_template/spatial_utils/install/spatial_utils/share/spatial_utils/environment/path.dsv
[0.102s] -- Up-to-date: /home/bwilab/bwi_ros2/src/fri_autonomous_template/spatial_utils/install/spatial_utils/share/spatial_utils/local_setup.bash
[0.102s] -- Up-to-date: /home/bwilab/bwi_ros2/src/fri_autonomous_template/spatial_utils/install/spatial_utils/share/spatial_utils/local_setup.sh
[0.102s] -- Up-to-date: /home/bwilab/bwi_ros2/src/fri_autonomous_template/spatial_utils/install/spatial_utils/share/spatial_utils/local_setup.zsh
[0.102s] -- Up-to-date: /home/bwilab/bwi_ros2/src/fri_autonomous_template/spatial_utils/install/spatial_utils/share/spatial_utils/local_setup.dsv
[0.102s] -- Installing: /home/bwilab/bwi_ros2/src/fri_autonomous_template/spatial_utils/install/spatial_utils/share/spatial_utils/package.dsv
[0.102s] -- Up-to-date: /home/bwilab/bwi_ros2/src/fri_autonomous_template/spatial_utils/install/spatial_utils/share/ament_index/resource_index/packages/spatial_utils
[0.102s] -- Up-to-date: /home/bwilab/bwi_ros2/src/fri_autonomous_template/spatial_utils/install/spatial_utils/share/spatial_utils/cmake/ament_cmake_export_include_directories-extras.cmake
[0.102s] -- Up-to-date: /home/bwilab/bwi_ros2/src/fri_autonomous_template/spatial_utils/install/spatial_utils/share/spatial_utils/cmake/ament_cmake_export_libraries-extras.cmake
[0.103s] -- Up-to-date: /home/bwilab/bwi_ros2/src/fri_autonomous_template/spatial_utils/install/spatial_utils/share/spatial_utils/cmake/spatial_utilsConfig.cmake
[0.103s] -- Up-to-date: /home/bwilab/bwi_ros2/src/fri_autonomous_template/spatial_utils/install/spatial_utils/share/spatial_utils/cmake/spatial_utilsConfig-version.cmake
[0.103s] -- Up-to-date: /home/bwilab/bwi_ros2/src/fri_autonomous_template/spatial_utils/install/spatial_utils/share/spatial_utils/package.xml
[0.104s] Invoked command in '/home/bwilab/bwi_ros2/src/fri_autonomous_template/spatial_utils/build/spatial_utils' returned '0': CMAKE_PREFIX_PATH=/opt/ros/humble /usr/bin/cmake --install /home/bwilab/bwi_ros2/src/fri_autonomous_template/spatial_utils/build/spatial_utils
