[ 50%] [32mBuilding CXX object CMakeFiles/spatial_utils.dir/src/transform_util.cpp.o[0m
[01m[K/home/bwilab/bwi_ros2/src/fri_autonomous_template/spatial_utils/src/transform_util.cpp:[m[K In function ‘[01m[Kgeometry_msgs::msg::TransformStamped matrixToTransform(const MatrixXd&, const string&, const string&)[m[K’:
[01m[K/home/bwilab/bwi_ros2/src/fri_autonomous_template/spatial_utils/src/transform_util.cpp:45:55:[m[K [01;35m[Kwarning: [m[Kunused parameter ‘[01m[Kparent_frame[m[K’ [[01;35m[K]8;;https://gcc.gnu.org/onlinedocs/gcc/Warning-Options.html#index-Wunused-parameter-Wunused-parameter]8;;[m[K]
   45 |     const Eigen::MatrixXd &matrix, [01;35m[Kconst std::string &parent_frame[m[K, const std::string &child_frame) {
      |                                    [01;35m[K~~~~~~~~~~~~~~~~~~~^~~~~~~~~~~~[m[K
[01m[K/home/bwilab/bwi_ros2/src/fri_autonomous_template/spatial_utils/src/transform_util.cpp:45:88:[m[K [01;35m[Kwarning: [m[Kunused parameter ‘[01m[Kchild_frame[m[K’ [[01;35m[K]8;;https://gcc.gnu.org/onlinedocs/gcc/Warning-Options.html#index-Wunused-parameter-Wunused-parameter]8;;[m[K]
   45 | matrix, const std::string &parent_frame, [01;35m[Kconst std::string &child_frame[m[K) {
      |                                          [01;35m[K~~~~~~~~~~~~~~~~~~~^~~~~~~~~~~[m[K

[100%] [32m[1mLinking CXX static library libspatial_utils.a[0m
[100%] Built target spatial_utils
-- Install configuration: ""
-- Installing: /home/bwilab/bwi_ros2/src/fri_autonomous_template/install/spatial_utils/lib/libspatial_utils.a
-- Installing: /home/bwilab/bwi_ros2/src/fri_autonomous_template/install/spatial_utils/include
-- Installing: /home/bwilab/bwi_ros2/src/fri_autonomous_template/install/spatial_utils/include/spatial_utils
-- Installing: /home/bwilab/bwi_ros2/src/fri_autonomous_template/install/spatial_utils/include/spatial_utils/transform_util.h
-- Installing: /home/bwilab/bwi_ros2/src/fri_autonomous_template/install/spatial_utils/share/spatial_utils/environment/library_path.sh
-- Installing: /home/bwilab/bwi_ros2/src/fri_autonomous_template/install/spatial_utils/share/spatial_utils/environment/library_path.dsv
-- Installing: /home/bwilab/bwi_ros2/src/fri_autonomous_template/install/spatial_utils/share/ament_index/resource_index/package_run_dependencies/spatial_utils
-- Installing: /home/bwilab/bwi_ros2/src/fri_autonomous_template/install/spatial_utils/share/ament_index/resource_index/parent_prefix_path/spatial_utils
-- Installing: /home/bwilab/bwi_ros2/src/fri_autonomous_template/install/spatial_utils/share/spatial_utils/environment/ament_prefix_path.sh
-- Installing: /home/bwilab/bwi_ros2/src/fri_autonomous_template/install/spatial_utils/share/spatial_utils/environment/ament_prefix_path.dsv
-- Installing: /home/bwilab/bwi_ros2/src/fri_autonomous_template/install/spatial_utils/share/spatial_utils/environment/path.sh
-- Installing: /home/bwilab/bwi_ros2/src/fri_autonomous_template/install/spatial_utils/share/spatial_utils/environment/path.dsv
-- Installing: /home/bwilab/bwi_ros2/src/fri_autonomous_template/install/spatial_utils/share/spatial_utils/local_setup.bash
-- Installing: /home/bwilab/bwi_ros2/src/fri_autonomous_template/install/spatial_utils/share/spatial_utils/local_setup.sh
-- Installing: /home/bwilab/bwi_ros2/src/fri_autonomous_template/install/spatial_utils/share/spatial_utils/local_setup.zsh
-- Installing: /home/bwilab/bwi_ros2/src/fri_autonomous_template/install/spatial_utils/share/spatial_utils/local_setup.dsv
-- Installing: /home/bwilab/bwi_ros2/src/fri_autonomous_template/install/spatial_utils/share/spatial_utils/package.dsv
-- Installing: /home/bwilab/bwi_ros2/src/fri_autonomous_template/install/spatial_utils/share/ament_index/resource_index/packages/spatial_utils
-- Installing: /home/bwilab/bwi_ros2/src/fri_autonomous_template/install/spatial_utils/share/spatial_utils/cmake/ament_cmake_export_include_directories-extras.cmake
-- Installing: /home/bwilab/bwi_ros2/src/fri_autonomous_template/install/spatial_utils/share/spatial_utils/cmake/ament_cmake_export_libraries-extras.cmake
-- Installing: /home/bwilab/bwi_ros2/src/fri_autonomous_template/install/spatial_utils/share/spatial_utils/cmake/spatial_utilsConfig.cmake
-- Installing: /home/bwilab/bwi_ros2/src/fri_autonomous_template/install/spatial_utils/share/spatial_utils/cmake/spatial_utilsConfig-version.cmake
-- Installing: /home/bwilab/bwi_ros2/src/fri_autonomous_template/install/spatial_utils/share/spatial_utils/package.xml
