[0.159s] [34mcolcon[0m [1;30mDEBUG[0m [32mCommand line arguments: ['/home/bwilab/.local/bin/colcon', 'build'][0m
[0.159s] [34mcolcon[0m [1;30mDEBUG[0m [32mParsed command line arguments: Namespace(log_base=None, log_level=None, verb_name='build', build_base='build', install_base='install', merge_install=False, symlink_install=False, test_result_base=None, continue_on_error=False, executor='parallel', parallel_workers=12, event_handlers=None, ignore_user_meta=False, metas=['./colcon.meta'], base_paths=['.'], packages_ignore=None, packages_ignore_regex=None, paths=None, packages_up_to=None, packages_up_to_regex=None, packages_above=None, packages_above_and_dependencies=None, packages_above_depth=None, packages_select_by_dep=None, packages_skip_by_dep=None, packages_skip_up_to=None, packages_select_build_failed=False, packages_skip_build_finished=False, packages_select_test_failures=False, packages_skip_test_passed=False, packages_select=None, packages_skip=None, packages_select_regex=None, packages_skip_regex=None, packages_start=None, packages_end=None, allow_overriding=[], cmake_args=None, cmake_target=None, cmake_target_skip_unavailable=False, cmake_clean_cache=False, cmake_clean_first=False, cmake_force_configure=False, ament_cmake_args=None, catkin_cmake_args=None, catkin_skip_building_tests=False, mixin_files=None, mixin=None, verb_parser=<colcon_mixin.mixin.mixin_argument.MixinArgumentDecorator object at 0x749dcb6cead0>, verb_extension=<colcon_core.verb.build.BuildVerb object at 0x749dcb6ce1d0>, main=<bound method BuildVerb.main of <colcon_core.verb.build.BuildVerb object at 0x749dcb6ce1d0>>, mixin_verb=('build',))[0m
[0.199s] [34mcolcon.colcon_core.package_discovery[0m [1;30mLevel 1[0m discover_packages(colcon_meta) check parameters
[0.199s] [34mcolcon.colcon_core.package_discovery[0m [1;30mLevel 1[0m discover_packages(recursive) check parameters
[0.199s] [34mcolcon.colcon_core.package_discovery[0m [1;30mLevel 1[0m discover_packages(ignore) check parameters
[0.199s] [34mcolcon.colcon_core.package_discovery[0m [1;30mLevel 1[0m discover_packages(path) check parameters
[0.199s] [34mcolcon.colcon_core.package_discovery[0m [1;30mLevel 1[0m discover_packages(colcon_meta) discover
[0.199s] [34mcolcon.colcon_core.package_discovery[0m [1;30mLevel 1[0m discover_packages(recursive) discover
[0.199s] [34mcolcon.colcon_core.package_discovery[0m [1;30mINFO[0m Crawling recursively for packages in '/home/bwilab/bwi_ros2/src/fri_autonomous_template'
[0.200s] [34mcolcon.colcon_core.package_identification[0m [1;30mLevel 1[0m _identify(.) by extensions ['ignore', 'ignore_ament_install']
[0.200s] [34mcolcon.colcon_core.package_identification[0m [1;30mLevel 1[0m _identify(.) by extension 'ignore'
[0.200s] [34mcolcon.colcon_core.package_identification[0m [1;30mLevel 1[0m _identify(.) by extension 'ignore_ament_install'
[0.200s] [34mcolcon.colcon_core.package_identification[0m [1;30mLevel 1[0m _identify(.) by extensions ['colcon_pkg']
[0.200s] [34mcolcon.colcon_core.package_identification[0m [1;30mLevel 1[0m _identify(.) by extension 'colcon_pkg'
[0.200s] [34mcolcon.colcon_core.package_identification[0m [1;30mLevel 1[0m _identify(.) by extensions ['colcon_meta']
[0.200s] [34mcolcon.colcon_core.package_identification[0m [1;30mLevel 1[0m _identify(.) by extension 'colcon_meta'
[0.200s] [34mcolcon.colcon_core.package_identification[0m [1;30mLevel 1[0m _identify(.) by extensions ['ros']
[0.200s] [34mcolcon.colcon_core.package_identification[0m [1;30mLevel 1[0m _identify(.) by extension 'ros'
[0.223s] [34mcolcon.colcon_core.package_identification[0m [1;30mLevel 1[0m _identify(.) by extensions ['cmake', 'python']
[0.223s] [34mcolcon.colcon_core.package_identification[0m [1;30mLevel 1[0m _identify(.) by extension 'cmake'
[0.223s] [34mcolcon.colcon_core.package_identification[0m [1;30mLevel 1[0m _identify(.) by extension 'python'
[0.223s] [34mcolcon.colcon_core.package_identification[0m [1;30mLevel 1[0m _identify(.) by extensions ['python_setup_py']
[0.223s] [34mcolcon.colcon_core.package_identification[0m [1;30mLevel 1[0m _identify(.) by extension 'python_setup_py'
[0.223s] [34mcolcon.colcon_core.package_identification[0m [1;30mLevel 1[0m _identify(build) by extensions ['ignore', 'ignore_ament_install']
[0.223s] [34mcolcon.colcon_core.package_identification[0m [1;30mLevel 1[0m _identify(build) by extension 'ignore'
[0.223s] [34mcolcon.colcon_core.package_identification[0m [1;30mLevel 1[0m _identify(build) ignored
[0.223s] [34mcolcon.colcon_core.package_identification[0m [1;30mLevel 1[0m _identify(follower_robot) by extensions ['ignore', 'ignore_ament_install']
[0.223s] [34mcolcon.colcon_core.package_identification[0m [1;30mLevel 1[0m _identify(follower_robot) by extension 'ignore'
[0.223s] [34mcolcon.colcon_core.package_identification[0m [1;30mLevel 1[0m _identify(follower_robot) by extension 'ignore_ament_install'
[0.223s] [34mcolcon.colcon_core.package_identification[0m [1;30mLevel 1[0m _identify(follower_robot) by extensions ['colcon_pkg']
[0.223s] [34mcolcon.colcon_core.package_identification[0m [1;30mLevel 1[0m _identify(follower_robot) by extension 'colcon_pkg'
[0.224s] [34mcolcon.colcon_core.package_identification[0m [1;30mLevel 1[0m _identify(follower_robot) by extensions ['colcon_meta']
[0.224s] [34mcolcon.colcon_core.package_identification[0m [1;30mLevel 1[0m _identify(follower_robot) by extension 'colcon_meta'
[0.224s] [34mcolcon.colcon_core.package_identification[0m [1;30mLevel 1[0m _identify(follower_robot) by extensions ['ros']
[0.224s] [34mcolcon.colcon_core.package_identification[0m [1;30mLevel 1[0m _identify(follower_robot) by extension 'ros'
[0.226s] [34mcolcon.colcon_core.package_identification[0m [1;30mDEBUG[0m [32mPackage 'follower_robot' with type 'ros.ament_cmake' and name 'follower_robot'[0m
[0.227s] [34mcolcon.colcon_core.package_identification[0m [1;30mLevel 1[0m _identify(install) by extensions ['ignore', 'ignore_ament_install']
[0.227s] [34mcolcon.colcon_core.package_identification[0m [1;30mLevel 1[0m _identify(install) by extension 'ignore'
[0.227s] [34mcolcon.colcon_core.package_identification[0m [1;30mLevel 1[0m _identify(install) ignored
[0.227s] [34mcolcon.colcon_core.package_identification[0m [1;30mLevel 1[0m _identify(log) by extensions ['ignore', 'ignore_ament_install']
[0.227s] [34mcolcon.colcon_core.package_identification[0m [1;30mLevel 1[0m _identify(log) by extension 'ignore'
[0.227s] [34mcolcon.colcon_core.package_identification[0m [1;30mLevel 1[0m _identify(log) ignored
[0.227s] [34mcolcon.colcon_core.package_identification[0m [1;30mLevel 1[0m _identify(nav_goals) by extensions ['ignore', 'ignore_ament_install']
[0.227s] [34mcolcon.colcon_core.package_identification[0m [1;30mLevel 1[0m _identify(nav_goals) by extension 'ignore'
[0.227s] [34mcolcon.colcon_core.package_identification[0m [1;30mLevel 1[0m _identify(nav_goals) by extension 'ignore_ament_install'
[0.227s] [34mcolcon.colcon_core.package_identification[0m [1;30mLevel 1[0m _identify(nav_goals) by extensions ['colcon_pkg']
[0.227s] [34mcolcon.colcon_core.package_identification[0m [1;30mLevel 1[0m _identify(nav_goals) by extension 'colcon_pkg'
[0.227s] [34mcolcon.colcon_core.package_identification[0m [1;30mLevel 1[0m _identify(nav_goals) by extensions ['colcon_meta']
[0.227s] [34mcolcon.colcon_core.package_identification[0m [1;30mLevel 1[0m _identify(nav_goals) by extension 'colcon_meta'
[0.227s] [34mcolcon.colcon_core.package_identification[0m [1;30mLevel 1[0m _identify(nav_goals) by extensions ['ros']
[0.228s] [34mcolcon.colcon_core.package_identification[0m [1;30mLevel 1[0m _identify(nav_goals) by extension 'ros'
[0.229s] [34mcolcon.colcon_core.package_identification[0m [1;30mDEBUG[0m [32mPackage 'nav_goals' with type 'ros.ament_cmake' and name 'nav_goals'[0m
[0.229s] [34mcolcon.colcon_core.package_identification[0m [1;30mLevel 1[0m _identify(spatial_transforms) by extensions ['ignore', 'ignore_ament_install']
[0.229s] [34mcolcon.colcon_core.package_identification[0m [1;30mLevel 1[0m _identify(spatial_transforms) by extension 'ignore'
[0.229s] [34mcolcon.colcon_core.package_identification[0m [1;30mLevel 1[0m _identify(spatial_transforms) by extension 'ignore_ament_install'
[0.229s] [34mcolcon.colcon_core.package_identification[0m [1;30mLevel 1[0m _identify(spatial_transforms) by extensions ['colcon_pkg']
[0.229s] [34mcolcon.colcon_core.package_identification[0m [1;30mLevel 1[0m _identify(spatial_transforms) by extension 'colcon_pkg'
[0.229s] [34mcolcon.colcon_core.package_identification[0m [1;30mLevel 1[0m _identify(spatial_transforms) by extensions ['colcon_meta']
[0.229s] [34mcolcon.colcon_core.package_identification[0m [1;30mLevel 1[0m _identify(spatial_transforms) by extension 'colcon_meta'
[0.229s] [34mcolcon.colcon_core.package_identification[0m [1;30mLevel 1[0m _identify(spatial_transforms) by extensions ['ros']
[0.229s] [34mcolcon.colcon_core.package_identification[0m [1;30mLevel 1[0m _identify(spatial_transforms) by extension 'ros'
[0.230s] [34mcolcon.colcon_core.package_identification[0m [1;30mDEBUG[0m [32mPackage 'spatial_transforms' with type 'ros.ament_cmake' and name 'spatial_transforms'[0m
[0.230s] [34mcolcon.colcon_core.package_identification[0m [1;30mLevel 1[0m _identify(spatial_utils) by extensions ['ignore', 'ignore_ament_install']
[0.230s] [34mcolcon.colcon_core.package_identification[0m [1;30mLevel 1[0m _identify(spatial_utils) by extension 'ignore'
[0.230s] [34mcolcon.colcon_core.package_identification[0m [1;30mLevel 1[0m _identify(spatial_utils) by extension 'ignore_ament_install'
[0.230s] [34mcolcon.colcon_core.package_identification[0m [1;30mLevel 1[0m _identify(spatial_utils) by extensions ['colcon_pkg']
[0.230s] [34mcolcon.colcon_core.package_identification[0m [1;30mLevel 1[0m _identify(spatial_utils) by extension 'colcon_pkg'
[0.230s] [34mcolcon.colcon_core.package_identification[0m [1;30mLevel 1[0m _identify(spatial_utils) by extensions ['colcon_meta']
[0.231s] [34mcolcon.colcon_core.package_identification[0m [1;30mLevel 1[0m _identify(spatial_utils) by extension 'colcon_meta'
[0.231s] [34mcolcon.colcon_core.package_identification[0m [1;30mLevel 1[0m _identify(spatial_utils) by extensions ['ros']
[0.231s] [34mcolcon.colcon_core.package_identification[0m [1;30mLevel 1[0m _identify(spatial_utils) by extension 'ros'
[0.231s] [34mcolcon.colcon_core.package_identification[0m [1;30mDEBUG[0m [32mPackage 'spatial_utils' with type 'ros.ament_cmake' and name 'spatial_utils'[0m
[0.231s] [34mcolcon.colcon_core.package_discovery[0m [1;30mLevel 1[0m discover_packages(recursive) using defaults
[0.231s] [34mcolcon.colcon_core.package_discovery[0m [1;30mLevel 1[0m discover_packages(ignore) discover
[0.231s] [34mcolcon.colcon_core.package_discovery[0m [1;30mLevel 1[0m discover_packages(ignore) using defaults
[0.231s] [34mcolcon.colcon_core.package_discovery[0m [1;30mLevel 1[0m discover_packages(path) discover
[0.232s] [34mcolcon.colcon_core.package_discovery[0m [1;30mLevel 1[0m discover_packages(path) using defaults
[0.247s] [34mcolcon.colcon_core.package_discovery[0m [1;30mLevel 1[0m discover_packages(prefix_path) check parameters
[0.247s] [34mcolcon.colcon_core.package_discovery[0m [1;30mLevel 1[0m discover_packages(prefix_path) discover
[0.249s] [34mcolcon.colcon_installed_package_information.package_discovery[0m [1;30mDEBUG[0m [32mFound 370 installed packages in /opt/ros/humble[0m
[0.251s] [34mcolcon.colcon_core.package_discovery[0m [1;30mLevel 1[0m discover_packages(prefix_path) using defaults
[0.303s] [34mcolcon.colcon_core.verb[0m [1;30mLevel 5[0m set package 'follower_robot' build argument 'cmake_args' from command line to 'None'
[0.303s] [34mcolcon.colcon_core.verb[0m [1;30mLevel 5[0m set package 'follower_robot' build argument 'cmake_target' from command line to 'None'
[0.303s] [34mcolcon.colcon_core.verb[0m [1;30mLevel 5[0m set package 'follower_robot' build argument 'cmake_target_skip_unavailable' from command line to 'False'
[0.303s] [34mcolcon.colcon_core.verb[0m [1;30mLevel 5[0m set package 'follower_robot' build argument 'cmake_clean_cache' from command line to 'False'
[0.303s] [34mcolcon.colcon_core.verb[0m [1;30mLevel 5[0m set package 'follower_robot' build argument 'cmake_clean_first' from command line to 'False'
[0.303s] [34mcolcon.colcon_core.verb[0m [1;30mLevel 5[0m set package 'follower_robot' build argument 'cmake_force_configure' from command line to 'False'
[0.303s] [34mcolcon.colcon_core.verb[0m [1;30mLevel 5[0m set package 'follower_robot' build argument 'ament_cmake_args' from command line to 'None'
[0.303s] [34mcolcon.colcon_core.verb[0m [1;30mLevel 5[0m set package 'follower_robot' build argument 'catkin_cmake_args' from command line to 'None'
[0.303s] [34mcolcon.colcon_core.verb[0m [1;30mLevel 5[0m set package 'follower_robot' build argument 'catkin_skip_building_tests' from command line to 'False'
[0.303s] [34mcolcon.colcon_core.verb[0m [1;30mDEBUG[0m [32mBuilding package 'follower_robot' with the following arguments: {'ament_cmake_args': None, 'build_base': '/home/bwilab/bwi_ros2/src/fri_autonomous_template/build/follower_robot', 'catkin_cmake_args': None, 'catkin_skip_building_tests': False, 'cmake_args': None, 'cmake_clean_cache': False, 'cmake_clean_first': False, 'cmake_force_configure': False, 'cmake_target': None, 'cmake_target_skip_unavailable': False, 'install_base': '/home/bwilab/bwi_ros2/src/fri_autonomous_template/install/follower_robot', 'merge_install': False, 'path': '/home/bwilab/bwi_ros2/src/fri_autonomous_template/follower_robot', 'symlink_install': False, 'test_result_base': None}[0m
[0.304s] [34mcolcon.colcon_core.verb[0m [1;30mLevel 5[0m set package 'nav_goals' build argument 'cmake_args' from command line to 'None'
[0.304s] [34mcolcon.colcon_core.verb[0m [1;30mLevel 5[0m set package 'nav_goals' build argument 'cmake_target' from command line to 'None'
[0.304s] [34mcolcon.colcon_core.verb[0m [1;30mLevel 5[0m set package 'nav_goals' build argument 'cmake_target_skip_unavailable' from command line to 'False'
[0.304s] [34mcolcon.colcon_core.verb[0m [1;30mLevel 5[0m set package 'nav_goals' build argument 'cmake_clean_cache' from command line to 'False'
[0.304s] [34mcolcon.colcon_core.verb[0m [1;30mLevel 5[0m set package 'nav_goals' build argument 'cmake_clean_first' from command line to 'False'
[0.304s] [34mcolcon.colcon_core.verb[0m [1;30mLevel 5[0m set package 'nav_goals' build argument 'cmake_force_configure' from command line to 'False'
[0.304s] [34mcolcon.colcon_core.verb[0m [1;30mLevel 5[0m set package 'nav_goals' build argument 'ament_cmake_args' from command line to 'None'
[0.304s] [34mcolcon.colcon_core.verb[0m [1;30mLevel 5[0m set package 'nav_goals' build argument 'catkin_cmake_args' from command line to 'None'
[0.304s] [34mcolcon.colcon_core.verb[0m [1;30mLevel 5[0m set package 'nav_goals' build argument 'catkin_skip_building_tests' from command line to 'False'
[0.304s] [34mcolcon.colcon_core.verb[0m [1;30mDEBUG[0m [32mBuilding package 'nav_goals' with the following arguments: {'ament_cmake_args': None, 'build_base': '/home/bwilab/bwi_ros2/src/fri_autonomous_template/build/nav_goals', 'catkin_cmake_args': None, 'catkin_skip_building_tests': False, 'cmake_args': None, 'cmake_clean_cache': False, 'cmake_clean_first': False, 'cmake_force_configure': False, 'cmake_target': None, 'cmake_target_skip_unavailable': False, 'install_base': '/home/bwilab/bwi_ros2/src/fri_autonomous_template/install/nav_goals', 'merge_install': False, 'path': '/home/bwilab/bwi_ros2/src/fri_autonomous_template/nav_goals', 'symlink_install': False, 'test_result_base': None}[0m
[0.304s] [34mcolcon.colcon_core.verb[0m [1;30mLevel 5[0m set package 'spatial_utils' build argument 'cmake_args' from command line to 'None'
[0.304s] [34mcolcon.colcon_core.verb[0m [1;30mLevel 5[0m set package 'spatial_utils' build argument 'cmake_target' from command line to 'None'
[0.305s] [34mcolcon.colcon_core.verb[0m [1;30mLevel 5[0m set package 'spatial_utils' build argument 'cmake_target_skip_unavailable' from command line to 'False'
[0.305s] [34mcolcon.colcon_core.verb[0m [1;30mLevel 5[0m set package 'spatial_utils' build argument 'cmake_clean_cache' from command line to 'False'
[0.305s] [34mcolcon.colcon_core.verb[0m [1;30mLevel 5[0m set package 'spatial_utils' build argument 'cmake_clean_first' from command line to 'False'
[0.305s] [34mcolcon.colcon_core.verb[0m [1;30mLevel 5[0m set package 'spatial_utils' build argument 'cmake_force_configure' from command line to 'False'
[0.305s] [34mcolcon.colcon_core.verb[0m [1;30mLevel 5[0m set package 'spatial_utils' build argument 'ament_cmake_args' from command line to 'None'
[0.305s] [34mcolcon.colcon_core.verb[0m [1;30mLevel 5[0m set package 'spatial_utils' build argument 'catkin_cmake_args' from command line to 'None'
[0.305s] [34mcolcon.colcon_core.verb[0m [1;30mLevel 5[0m set package 'spatial_utils' build argument 'catkin_skip_building_tests' from command line to 'False'
[0.305s] [34mcolcon.colcon_core.verb[0m [1;30mDEBUG[0m [32mBuilding package 'spatial_utils' with the following arguments: {'ament_cmake_args': None, 'build_base': '/home/bwilab/bwi_ros2/src/fri_autonomous_template/build/spatial_utils', 'catkin_cmake_args': None, 'catkin_skip_building_tests': False, 'cmake_args': None, 'cmake_clean_cache': False, 'cmake_clean_first': False, 'cmake_force_configure': False, 'cmake_target': None, 'cmake_target_skip_unavailable': False, 'install_base': '/home/bwilab/bwi_ros2/src/fri_autonomous_template/install/spatial_utils', 'merge_install': False, 'path': '/home/bwilab/bwi_ros2/src/fri_autonomous_template/spatial_utils', 'symlink_install': False, 'test_result_base': None}[0m
[0.305s] [34mcolcon.colcon_core.verb[0m [1;30mLevel 5[0m set package 'spatial_transforms' build argument 'cmake_args' from command line to 'None'
[0.305s] [34mcolcon.colcon_core.verb[0m [1;30mLevel 5[0m set package 'spatial_transforms' build argument 'cmake_target' from command line to 'None'
[0.305s] [34mcolcon.colcon_core.verb[0m [1;30mLevel 5[0m set package 'spatial_transforms' build argument 'cmake_target_skip_unavailable' from command line to 'False'
[0.305s] [34mcolcon.colcon_core.verb[0m [1;30mLevel 5[0m set package 'spatial_transforms' build argument 'cmake_clean_cache' from command line to 'False'
[0.305s] [34mcolcon.colcon_core.verb[0m [1;30mLevel 5[0m set package 'spatial_transforms' build argument 'cmake_clean_first' from command line to 'False'
[0.305s] [34mcolcon.colcon_core.verb[0m [1;30mLevel 5[0m set package 'spatial_transforms' build argument 'cmake_force_configure' from command line to 'False'
[0.305s] [34mcolcon.colcon_core.verb[0m [1;30mLevel 5[0m set package 'spatial_transforms' build argument 'ament_cmake_args' from command line to 'None'
[0.305s] [34mcolcon.colcon_core.verb[0m [1;30mLevel 5[0m set package 'spatial_transforms' build argument 'catkin_cmake_args' from command line to 'None'
[0.305s] [34mcolcon.colcon_core.verb[0m [1;30mLevel 5[0m set package 'spatial_transforms' build argument 'catkin_skip_building_tests' from command line to 'False'
[0.305s] [34mcolcon.colcon_core.verb[0m [1;30mDEBUG[0m [32mBuilding package 'spatial_transforms' with the following arguments: {'ament_cmake_args': None, 'build_base': '/home/bwilab/bwi_ros2/src/fri_autonomous_template/build/spatial_transforms', 'catkin_cmake_args': None, 'catkin_skip_building_tests': False, 'cmake_args': None, 'cmake_clean_cache': False, 'cmake_clean_first': False, 'cmake_force_configure': False, 'cmake_target': None, 'cmake_target_skip_unavailable': False, 'install_base': '/home/bwilab/bwi_ros2/src/fri_autonomous_template/install/spatial_transforms', 'merge_install': False, 'path': '/home/bwilab/bwi_ros2/src/fri_autonomous_template/spatial_transforms', 'symlink_install': False, 'test_result_base': None}[0m
[0.305s] [34mcolcon.colcon_core.executor[0m [1;30mINFO[0m Executing jobs using 'parallel' executor
[0.306s] [34mcolcon.colcon_parallel_executor.executor.parallel[0m [1;30mDEBUG[0m [32mrun_until_complete[0m
[0.307s] [34mcolcon.colcon_ros.task.ament_cmake.build[0m [1;30mINFO[0m Building ROS package in '/home/bwilab/bwi_ros2/src/fri_autonomous_template/spatial_utils' with build type 'ament_cmake'
[0.307s] [34mcolcon.colcon_cmake.task.cmake.build[0m [1;30mINFO[0m Building CMake package in '/home/bwilab/bwi_ros2/src/fri_autonomous_template/spatial_utils'
[0.309s] [34mcolcon.colcon_core.plugin_system[0m [1;30mINFO[0m Skipping extension 'colcon_core.shell.bat': Not used on non-Windows systems
[0.309s] [34mcolcon.colcon_core.shell[0m [1;30mINFO[0m Skip shell extension 'powershell' for command environment: Not usable outside of PowerShell
[0.309s] [34mcolcon.colcon_core.shell[0m [1;30mDEBUG[0m [32mSkip shell extension 'dsv' for command environment[0m
[0.311s] [34mcolcon.colcon_ros.task.ament_cmake.build[0m [1;30mINFO[0m Building ROS package in '/home/bwilab/bwi_ros2/src/fri_autonomous_template/follower_robot' with build type 'ament_cmake'
[0.312s] [34mcolcon.colcon_cmake.task.cmake.build[0m [1;30mINFO[0m Building CMake package in '/home/bwilab/bwi_ros2/src/fri_autonomous_template/follower_robot'
[0.312s] [34mcolcon.colcon_core.shell[0m [1;30mINFO[0m Skip shell extension 'powershell' for command environment: Not usable outside of PowerShell
[0.312s] [34mcolcon.colcon_core.shell[0m [1;30mDEBUG[0m [32mSkip shell extension 'dsv' for command environment[0m
[0.314s] [34mcolcon.colcon_ros.task.ament_cmake.build[0m [1;30mINFO[0m Building ROS package in '/home/bwilab/bwi_ros2/src/fri_autonomous_template/nav_goals' with build type 'ament_cmake'
[0.315s] [34mcolcon.colcon_cmake.task.cmake.build[0m [1;30mINFO[0m Building CMake package in '/home/bwilab/bwi_ros2/src/fri_autonomous_template/nav_goals'
[0.315s] [34mcolcon.colcon_core.shell[0m [1;30mINFO[0m Skip shell extension 'powershell' for command environment: Not usable outside of PowerShell
[0.315s] [34mcolcon.colcon_core.shell[0m [1;30mDEBUG[0m [32mSkip shell extension 'dsv' for command environment[0m
[0.322s] [34mcolcon.colcon_core.event_handler.log_command[0m [1;30mDEBUG[0m [32mInvoking command in '/home/bwilab/bwi_ros2/src/fri_autonomous_template/build/spatial_utils': CMAKE_PREFIX_PATH=/opt/ros/humble /usr/bin/cmake /home/bwilab/bwi_ros2/src/fri_autonomous_template/spatial_utils -DCMAKE_INSTALL_PREFIX=/home/bwilab/bwi_ros2/src/fri_autonomous_template/install/spatial_utils[0m
[0.325s] [34mcolcon.colcon_core.event_handler.log_command[0m [1;30mDEBUG[0m [32mInvoking command in '/home/bwilab/bwi_ros2/src/fri_autonomous_template/build/follower_robot': CMAKE_PREFIX_PATH=/opt/ros/humble /usr/bin/cmake /home/bwilab/bwi_ros2/src/fri_autonomous_template/follower_robot -DCMAKE_INSTALL_PREFIX=/home/bwilab/bwi_ros2/src/fri_autonomous_template/install/follower_robot[0m
[0.327s] [34mcolcon.colcon_core.event_handler.log_command[0m [1;30mDEBUG[0m [32mInvoking command in '/home/bwilab/bwi_ros2/src/fri_autonomous_template/build/nav_goals': CMAKE_PREFIX_PATH=/opt/ros/humble /usr/bin/cmake /home/bwilab/bwi_ros2/src/fri_autonomous_template/nav_goals -DCMAKE_INSTALL_PREFIX=/home/bwilab/bwi_ros2/src/fri_autonomous_template/install/nav_goals[0m
[1.720s] [34mcolcon.colcon_core.event_handler.log_command[0m [1;30mDEBUG[0m [32mInvoked command in '/home/bwilab/bwi_ros2/src/fri_autonomous_template/build/follower_robot' returned '1': CMAKE_PREFIX_PATH=/opt/ros/humble /usr/bin/cmake /home/bwilab/bwi_ros2/src/fri_autonomous_template/follower_robot -DCMAKE_INSTALL_PREFIX=/home/bwilab/bwi_ros2/src/fri_autonomous_template/install/follower_robot[0m
[1.730s] [34mcolcon.colcon_core.environment[0m [1;30mLevel 1[0m create_environment_scripts_only(follower_robot)
[1.733s] [34mcolcon.colcon_core.environment[0m [1;30mLevel 1[0m checking '/home/bwilab/bwi_ros2/src/fri_autonomous_template/install/follower_robot' for CMake module files
[1.733s] [34mcolcon.colcon_core.environment[0m [1;30mLevel 1[0m checking '/home/bwilab/bwi_ros2/src/fri_autonomous_template/install/follower_robot' for CMake config files
[1.733s] [34mcolcon.colcon_core.environment[0m [1;30mLevel 1[0m checking '/home/bwilab/bwi_ros2/src/fri_autonomous_template/install/follower_robot/bin'
[1.733s] [34mcolcon.colcon_core.environment[0m [1;30mLevel 1[0m checking '/home/bwilab/bwi_ros2/src/fri_autonomous_template/install/follower_robot/lib/pkgconfig/follower_robot.pc'
[1.734s] [34mcolcon.colcon_core.environment[0m [1;30mLevel 1[0m checking '/home/bwilab/bwi_ros2/src/fri_autonomous_template/install/follower_robot/lib/python3.10/site-packages'
[1.734s] [34mcolcon.colcon_core.environment[0m [1;30mLevel 1[0m checking '/home/bwilab/bwi_ros2/src/fri_autonomous_template/install/follower_robot/bin'
[1.734s] [34mcolcon.colcon_core.shell[0m [1;30mINFO[0m Creating package script '/home/bwilab/bwi_ros2/src/fri_autonomous_template/install/follower_robot/share/follower_robot/package.ps1'
[1.735s] [34mcolcon.colcon_core.shell[0m [1;30mINFO[0m Creating package descriptor '/home/bwilab/bwi_ros2/src/fri_autonomous_template/install/follower_robot/share/follower_robot/package.dsv'
[1.735s] [34mcolcon.colcon_core.shell[0m [1;30mINFO[0m Creating package script '/home/bwilab/bwi_ros2/src/fri_autonomous_template/install/follower_robot/share/follower_robot/package.sh'
[1.736s] [34mcolcon.colcon_core.shell[0m [1;30mINFO[0m Creating package script '/home/bwilab/bwi_ros2/src/fri_autonomous_template/install/follower_robot/share/follower_robot/package.bash'
[1.737s] [34mcolcon.colcon_core.shell[0m [1;30mINFO[0m Creating package script '/home/bwilab/bwi_ros2/src/fri_autonomous_template/install/follower_robot/share/follower_robot/package.zsh'
[1.737s] [34mcolcon.colcon_core.environment[0m [1;30mLevel 1[0m create_file_with_runtime_dependencies(/home/bwilab/bwi_ros2/src/fri_autonomous_template/install/follower_robot/share/colcon-core/packages/follower_robot)
[1.855s] [34mcolcon.colcon_parallel_executor.executor.parallel[0m [1;30mDEBUG[0m [32mclosing loop[0m
[1.856s] [34mcolcon.colcon_parallel_executor.executor.parallel[0m [1;30mDEBUG[0m [32mloop closed[0m
[1.856s] [34mcolcon.colcon_parallel_executor.executor.parallel[0m [1;30mDEBUG[0m [32mrun_until_complete finished with '1'[0m
[1.856s] [34mcolcon.colcon_core.event_reactor[0m [1;30mDEBUG[0m [32mjoining thread[0m
[1.863s] [34mcolcon.colcon_core.plugin_system[0m [1;30mINFO[0m Skipping extension 'colcon_notification.desktop_notification.terminal_notifier': Not used on non-Darwin systems
[1.863s] [34mcolcon.colcon_core.plugin_system[0m [1;30mINFO[0m Skipping extension 'colcon_notification.desktop_notification.win32': Not used on non-Windows systems
[1.863s] [34mcolcon.colcon_notification.desktop_notification[0m [1;30mINFO[0m Sending desktop notification using 'notify2'
[1.873s] [34mcolcon.colcon_core.event_reactor[0m [1;30mDEBUG[0m [32mjoined thread[0m
[1.874s] [34mcolcon.colcon_core.shell[0m [1;30mINFO[0m Creating prefix script '/home/bwilab/bwi_ros2/src/fri_autonomous_template/install/local_setup.ps1'
[1.875s] [34mcolcon.colcon_core.shell[0m [1;30mINFO[0m Creating prefix util module '/home/bwilab/bwi_ros2/src/fri_autonomous_template/install/_local_setup_util_ps1.py'
[1.876s] [34mcolcon.colcon_core.shell[0m [1;30mINFO[0m Creating prefix chain script '/home/bwilab/bwi_ros2/src/fri_autonomous_template/install/setup.ps1'
[1.877s] [34mcolcon.colcon_core.shell[0m [1;30mINFO[0m Creating prefix script '/home/bwilab/bwi_ros2/src/fri_autonomous_template/install/local_setup.sh'
[1.878s] [34mcolcon.colcon_core.shell[0m [1;30mINFO[0m Creating prefix util module '/home/bwilab/bwi_ros2/src/fri_autonomous_template/install/_local_setup_util_sh.py'
[1.878s] [34mcolcon.colcon_core.shell[0m [1;30mINFO[0m Creating prefix chain script '/home/bwilab/bwi_ros2/src/fri_autonomous_template/install/setup.sh'
[1.879s] [34mcolcon.colcon_core.shell[0m [1;30mINFO[0m Creating prefix script '/home/bwilab/bwi_ros2/src/fri_autonomous_template/install/local_setup.bash'
[1.880s] [34mcolcon.colcon_core.shell[0m [1;30mINFO[0m Creating prefix chain script '/home/bwilab/bwi_ros2/src/fri_autonomous_template/install/setup.bash'
[1.881s] [34mcolcon.colcon_core.shell[0m [1;30mINFO[0m Creating prefix script '/home/bwilab/bwi_ros2/src/fri_autonomous_template/install/local_setup.zsh'
[1.882s] [34mcolcon.colcon_core.shell[0m [1;30mINFO[0m Creating prefix chain script '/home/bwilab/bwi_ros2/src/fri_autonomous_template/install/setup.zsh'
